<?xml version="1.0" encoding="UTF-8"?>
<coverage generated="1658372795452" clover="3.2.0">
  <project timestamp="1658372795452" name="All files">
    <metrics statements="481" coveredstatements="358" conditionals="427" coveredconditionals="301" methods="94" coveredmethods="63" elements="1002" coveredelements="722" complexity="0" loc="481" ncloc="481" packages="1" files="1" classes="1"/>
    <file name="index.js" path="/Volumes/data/www/wxhccc/es-util/dist/index.js">
      <metrics statements="481" coveredstatements="358" conditionals="427" coveredconditionals="301" methods="94" coveredmethods="63"/>
      <line num="8" count="9" type="stmt"/>
      <line num="10" count="9" type="stmt"/>
      <line num="12" count="8" type="stmt"/>
      <line num="25" count="2" type="stmt"/>
      <line num="33" count="2" type="cond" truecount="3" falsecount="1"/>
      <line num="34" count="2" type="stmt"/>
      <line num="35" count="2" type="stmt"/>
      <line num="36" count="2" type="cond" truecount="2" falsecount="0"/>
      <line num="37" count="6" type="cond" truecount="2" falsecount="0"/>
      <line num="38" count="6" type="cond" truecount="4" falsecount="0"/>
      <line num="39" count="6" type="cond" truecount="2" falsecount="0"/>
      <line num="41" count="2" type="cond" truecount="1" falsecount="1"/>
      <line num="42" count="0" type="stmt"/>
      <line num="44" count="2" type="cond" truecount="1" falsecount="1"/>
      <line num="45" count="0" type="stmt"/>
      <line num="47" count="2" type="stmt"/>
      <line num="50" count="6" type="stmt"/>
      <line num="51" count="6" type="stmt"/>
      <line num="52" count="24" type="cond" truecount="2" falsecount="0"/>
      <line num="54" count="6" type="stmt"/>
      <line num="67" count="2" type="stmt"/>
      <line num="74" count="2" type="cond" truecount="2" falsecount="0"/>
      <line num="75" count="2" type="cond" truecount="2" falsecount="2"/>
      <line num="76" count="0" type="stmt"/>
      <line num="78" count="8" type="cond" truecount="1" falsecount="1"/>
      <line num="79" count="8" type="cond" truecount="2" falsecount="0"/>
      <line num="80" count="6" type="stmt"/>
      <line num="81" count="6" type="cond" truecount="2" falsecount="0"/>
      <line num="83" count="8" type="cond" truecount="4" falsecount="0"/>
      <line num="84" count="6" type="stmt"/>
      <line num="87" count="2" type="cond" truecount="1" falsecount="1"/>
      <line num="88" count="2" type="stmt"/>
      <line num="89" count="2" type="stmt"/>
      <line num="93" count="9" type="stmt"/>
      <line num="96" count="2" type="stmt"/>
      <line num="97" count="2" type="stmt"/>
      <line num="98" count="2" type="stmt"/>
      <line num="99" count="2" type="cond" truecount="1" falsecount="1"/>
      <line num="100" count="2" type="stmt"/>
      <line num="103" count="2" type="stmt"/>
      <line num="105" count="2" type="stmt"/>
      <line num="106" count="2" type="stmt"/>
      <line num="107" count="2" type="stmt"/>
      <line num="108" count="2" type="stmt"/>
      <line num="109" count="2" type="stmt"/>
      <line num="110" count="34" type="stmt"/>
      <line num="111" count="34" type="stmt"/>
      <line num="112" count="34" type="stmt"/>
      <line num="114" count="2" type="stmt"/>
      <line num="115" count="2" type="stmt"/>
      <line num="117" count="0" type="stmt"/>
      <line num="119" count="2" type="cond" truecount="3" falsecount="0"/>
      <line num="123" count="3" type="stmt"/>
      <line num="124" count="3" type="stmt"/>
      <line num="125" count="3" type="stmt"/>
      <line num="126" count="3" type="stmt"/>
      <line num="127" count="3" type="stmt"/>
      <line num="128" count="3" type="stmt"/>
      <line num="129" count="3" type="stmt"/>
      <line num="130" count="3" type="stmt"/>
      <line num="131" count="1" type="stmt"/>
      <line num="132" count="1" type="stmt"/>
      <line num="133" count="11" type="stmt"/>
      <line num="134" count="11" type="cond" truecount="2" falsecount="0"/>
      <line num="135" count="1" type="stmt"/>
      <line num="137" count="10" type="cond" truecount="2" falsecount="0"/>
      <line num="138" count="1" type="cond" truecount="1" falsecount="1"/>
      <line num="139" count="1" type="stmt"/>
      <line num="142" count="0" type="stmt"/>
      <line num="146" count="1" type="stmt"/>
      <line num="149" count="3" type="stmt"/>
      <line num="150" count="0" type="stmt"/>
      <line num="151" count="0" type="stmt"/>
      <line num="152" count="0" type="cond" truecount="0" falsecount="2"/>
      <line num="154" count="3" type="cond" truecount="8" falsecount="1"/>
      <line num="158" count="1" type="stmt"/>
      <line num="159" count="1" type="cond" truecount="5" falsecount="0"/>
      <line num="160" count="2" type="stmt"/>
      <line num="162" count="3" type="cond" truecount="1" falsecount="1"/>
      <line num="163" count="3" type="cond" truecount="1" falsecount="1"/>
      <line num="164" count="3" type="cond" truecount="2" falsecount="0"/>
      <line num="166" count="1" type="stmt"/>
      <line num="168" count="15" type="stmt"/>
      <line num="177" count="3" type="cond" truecount="1" falsecount="1"/>
      <line num="178" count="0" type="stmt"/>
      <line num="180" count="3" type="cond" truecount="2" falsecount="0"/>
      <line num="181" count="2" type="stmt"/>
      <line num="183" count="2" type="cond" truecount="3" falsecount="1"/>
      <line num="184" count="4" type="cond" truecount="4" falsecount="0"/>
      <line num="188" count="0" type="stmt"/>
      <line num="197" count="1" type="cond" truecount="5" falsecount="1"/>
      <line num="198" count="0" type="stmt"/>
      <line num="200" count="1" type="stmt"/>
      <line num="201" count="1" type="stmt"/>
      <line num="202" count="4" type="cond" truecount="2" falsecount="0"/>
      <line num="204" count="1" type="stmt"/>
      <line num="208" count="9" type="stmt"/>
      <line num="209" count="4" type="stmt"/>
      <line num="220" count="4" type="stmt"/>
      <line num="221" count="4" type="stmt"/>
      <line num="228" count="4" type="stmt"/>
      <line num="234" count="4" type="stmt"/>
      <line num="235" count="4" type="stmt"/>
      <line num="236" count="4" type="cond" truecount="1" falsecount="1"/>
      <line num="237" count="0" type="stmt"/>
      <line num="238" count="4" type="cond" truecount="2" falsecount="0"/>
      <line num="239" count="4" type="stmt"/>
      <line num="240" count="4" type="stmt"/>
      <line num="241" count="4" type="cond" truecount="1" falsecount="1"/>
      <line num="242" count="4" type="stmt"/>
      <line num="243" count="4" type="stmt"/>
      <line num="244" count="4" type="cond" truecount="2" falsecount="0"/>
      <line num="245" count="1" type="stmt"/>
      <line num="246" count="1" type="stmt"/>
      <line num="247" count="1" type="stmt"/>
      <line num="248" count="1" type="stmt"/>
      <line num="251" count="3" type="stmt"/>
      <line num="252" count="6" type="stmt"/>
      <line num="253" count="6" type="stmt"/>
      <line num="254" count="6" type="cond" truecount="2" falsecount="0"/>
      <line num="255" count="3" type="stmt"/>
      <line num="256" count="3" type="stmt"/>
      <line num="257" count="3" type="stmt"/>
      <line num="258" count="3" type="stmt"/>
      <line num="261" count="4" type="cond" truecount="2" falsecount="0"/>
      <line num="267" count="9" type="stmt"/>
      <line num="278" count="7" type="cond" truecount="3" falsecount="1"/>
      <line num="279" count="0" type="stmt"/>
      <line num="281" count="7" type="cond" truecount="5" falsecount="0"/>
      <line num="282" count="7" type="cond" truecount="1" falsecount="0"/>
      <line num="283" count="7" type="stmt"/>
      <line num="284" count="7" type="stmt"/>
      <line num="285" count="7" type="stmt"/>
      <line num="286" count="7" type="cond" truecount="1" falsecount="1"/>
      <line num="287" count="7" type="cond" truecount="1" falsecount="1"/>
      <line num="288" count="0" type="stmt"/>
      <line num="289" count="0" type="stmt"/>
      <line num="290" count="0" type="stmt"/>
      <line num="292" count="7" type="cond" truecount="2" falsecount="0"/>
      <line num="293" count="7" type="cond" truecount="2" falsecount="0"/>
      <line num="294" count="1" type="stmt"/>
      <line num="295" count="1" type="stmt"/>
      <line num="297" count="7" type="stmt"/>
      <line num="298" count="7" type="stmt"/>
      <line num="299" count="7" type="stmt"/>
      <line num="300" count="7" type="cond" truecount="6" falsecount="0"/>
      <line num="301" count="7" type="stmt"/>
      <line num="302" count="7" type="cond" truecount="3" falsecount="1"/>
      <line num="303" count="7" type="cond" truecount="3" falsecount="1"/>
      <line num="304" count="7" type="stmt"/>
      <line num="305" count="64" type="cond" truecount="4" falsecount="0"/>
      <line num="307" count="7" type="stmt"/>
      <line num="308" count="7" type="stmt"/>
      <line num="316" count="9" type="stmt"/>
      <line num="318" count="9" type="stmt"/>
      <line num="320" count="9" type="stmt"/>
      <line num="321" count="9" type="stmt"/>
      <line num="322" count="8" type="stmt"/>
      <line num="323" count="8" type="cond" truecount="1" falsecount="1"/>
      <line num="331" count="3" type="stmt"/>
      <line num="332" count="3" type="stmt"/>
      <line num="333" count="2" type="stmt"/>
      <line num="336" count="1" type="stmt"/>
      <line num="340" count="10" type="cond" truecount="2" falsecount="0"/>
      <line num="341" count="6" type="stmt"/>
      <line num="342" count="4" type="cond" truecount="5" falsecount="0"/>
      <line num="343" count="2" type="stmt"/>
      <line num="345" count="2" type="cond" truecount="1" falsecount="1"/>
      <line num="346" count="2" type="stmt"/>
      <line num="348" count="0" type="stmt"/>
      <line num="350" count="9" type="stmt"/>
      <line num="351" count="1" type="stmt"/>
      <line num="352" count="1" type="stmt"/>
      <line num="354" count="2" type="stmt"/>
      <line num="356" count="2" type="cond" truecount="4" falsecount="0"/>
      <line num="357" count="1" type="stmt"/>
      <line num="359" count="1" type="stmt"/>
      <line num="361" count="0" type="stmt"/>
      <line num="362" count="0" type="stmt"/>
      <line num="365" count="9" type="stmt"/>
      <line num="367" count="10" type="stmt"/>
      <line num="368" count="10" type="stmt"/>
      <line num="369" count="10" type="cond" truecount="2" falsecount="0"/>
      <line num="370" count="10" type="cond" truecount="2" falsecount="0"/>
      <line num="371" count="10" type="cond" truecount="2" falsecount="0"/>
      <line num="372" count="10" type="cond" truecount="2" falsecount="0"/>
      <line num="373" count="10" type="stmt"/>
      <line num="374" count="10" type="stmt"/>
      <line num="375" count="10" type="stmt"/>
      <line num="376" count="10" type="stmt"/>
      <line num="377" count="10" type="stmt"/>
      <line num="378" count="18" type="cond" truecount="2" falsecount="0"/>
      <line num="379" count="10" type="stmt"/>
      <line num="380" count="10" type="stmt"/>
      <line num="381" count="4" type="stmt"/>
      <line num="382" count="4" type="cond" truecount="5" falsecount="1"/>
      <line num="383" count="4" type="stmt"/>
      <line num="384" count="4" type="stmt"/>
      <line num="385" count="6" type="stmt"/>
      <line num="386" count="6" type="cond" truecount="4" falsecount="0"/>
      <line num="387" count="2" type="stmt"/>
      <line num="389" count="4" type="stmt"/>
      <line num="390" count="4" type="cond" truecount="2" falsecount="0"/>
      <line num="394" count="4" type="stmt"/>
      <line num="396" count="10" type="stmt"/>
      <line num="398" count="8" type="cond" truecount="3" falsecount="2"/>
      <line num="399" count="0" type="stmt"/>
      <line num="400" count="8" type="cond" truecount="1" falsecount="0"/>
      <line num="401" count="8" type="stmt"/>
      <line num="402" count="8" type="cond" truecount="2" falsecount="0"/>
      <line num="403" count="8" type="stmt"/>
      <line num="404" count="8" type="stmt"/>
      <line num="405" count="8" type="stmt"/>
      <line num="406" count="12" type="stmt"/>
      <line num="407" count="12" type="stmt"/>
      <line num="408" count="12" type="cond" truecount="2" falsecount="0"/>
      <line num="409" count="8" type="stmt"/>
      <line num="410" count="8" type="cond" truecount="2" falsecount="0"/>
      <line num="411" count="8" type="cond" truecount="2" falsecount="0"/>
      <line num="414" count="4" type="cond" truecount="1" falsecount="1"/>
      <line num="415" count="4" type="cond" truecount="1" falsecount="1"/>
      <line num="416" count="0" type="stmt"/>
      <line num="417" count="4" type="cond" truecount="2" falsecount="0"/>
      <line num="418" count="4" type="stmt"/>
      <line num="422" count="8" type="cond" truecount="3" falsecount="0"/>
      <line num="424" count="10" type="stmt"/>
      <line num="425" count="16" type="cond" truecount="1" falsecount="1"/>
      <line num="427" count="16" type="cond" truecount="2" falsecount="0"/>
      <line num="428" count="16" type="stmt"/>
      <line num="430" count="0" type="cond" truecount="0" falsecount="2"/>
      <line num="431" count="0" type="stmt"/>
      <line num="432" count="0" type="cond" truecount="0" falsecount="2"/>
      <line num="433" count="0" type="stmt"/>
      <line num="435" count="10" type="stmt"/>
      <line num="437" count="14" type="cond" truecount="1" falsecount="1"/>
      <line num="438" count="0" type="stmt"/>
      <line num="439" count="14" type="cond" truecount="4" falsecount="0"/>
      <line num="440" count="10" type="stmt"/>
      <line num="441" count="4" type="stmt"/>
      <line num="443" count="10" type="cond" truecount="2" falsecount="0"/>
      <line num="444" count="9" type="cond" truecount="0" falsecount="2"/>
      <line num="445" count="9" type="cond" truecount="1" falsecount="1"/>
      <line num="446" count="9" type="stmt"/>
      <line num="448" count="0" type="cond" truecount="0" falsecount="2"/>
      <line num="449" count="0" type="stmt"/>
      <line num="451" count="0" type="cond" truecount="0" falsecount="2"/>
      <line num="452" count="0" type="stmt"/>
      <line num="453" count="0" type="cond" truecount="0" falsecount="2"/>
      <line num="454" count="0" type="stmt"/>
      <line num="457" count="9" type="cond" truecount="1" falsecount="2"/>
      <line num="458" count="9" type="cond" truecount="2" falsecount="0"/>
      <line num="462" count="10" type="cond" truecount="2" falsecount="0"/>
      <line num="463" count="4" type="cond" truecount="3" falsecount="1"/>
      <line num="466" count="6" type="cond" truecount="2" falsecount="0"/>
      <line num="468" count="10" type="stmt"/>
      <line num="469" count="10" type="stmt"/>
      <line num="471" count="0" type="stmt"/>
      <line num="474" count="10" type="cond" truecount="4" falsecount="0"/>
      <line num="475" count="8" type="stmt"/>
      <line num="476" count="8" type="cond" truecount="2" falsecount="0"/>
      <line num="478" count="10" type="stmt"/>
      <line num="480" count="9" type="stmt"/>
      <line num="481" count="9" type="stmt"/>
      <line num="483" count="0" type="cond" truecount="0" falsecount="4"/>
      <line num="484" count="0" type="stmt"/>
      <line num="487" count="0" type="stmt"/>
      <line num="493" count="3" type="stmt"/>
      <line num="494" count="3" type="stmt"/>
      <line num="497" count="2" type="stmt"/>
      <line num="503" count="9" type="cond" truecount="3" falsecount="0"/>
      <line num="510" count="9" type="stmt"/>
      <line num="511" count="5" type="stmt"/>
      <line num="512" count="5" type="stmt"/>
      <line num="513" count="13" type="stmt"/>
      <line num="514" count="13" type="cond" truecount="5" falsecount="0"/>
      <line num="515" count="9" type="cond" truecount="4" falsecount="0"/>
      <line num="518" count="5" type="stmt"/>
      <line num="520" count="9" type="stmt"/>
      <line num="526" count="9" type="stmt"/>
      <line num="527" count="3" type="cond" truecount="2" falsecount="0"/>
      <line num="528" count="1" type="stmt"/>
      <line num="530" count="2" type="cond" truecount="1" falsecount="1"/>
      <line num="531" count="0" type="stmt"/>
      <line num="533" count="2" type="cond" truecount="2" falsecount="0"/>
      <line num="534" count="1" type="stmt"/>
      <line num="535" count="2" type="stmt"/>
      <line num="538" count="2" type="stmt"/>
      <line num="546" count="9" type="stmt"/>
      <line num="547" count="2" type="stmt"/>
      <line num="548" count="2" type="stmt"/>
      <line num="549" count="2" type="stmt"/>
      <line num="550" count="2" type="stmt"/>
      <line num="551" count="4" type="cond" truecount="1" falsecount="1"/>
      <line num="552" count="4" type="stmt"/>
      <line num="555" count="0" type="stmt"/>
      <line num="558" count="2" type="stmt"/>
      <line num="560" count="2" type="cond" truecount="1" falsecount="1"/>
      <line num="561" count="0" type="stmt"/>
      <line num="563" count="2" type="stmt"/>
      <line num="564" count="2" type="stmt"/>
      <line num="565" count="4" type="stmt"/>
      <line num="566" count="4" type="stmt"/>
      <line num="567" count="4" type="cond" truecount="3" falsecount="1"/>
      <line num="568" count="0" type="stmt"/>
      <line num="571" count="4" type="cond" truecount="4" falsecount="0"/>
      <line num="572" count="2" type="cond" truecount="3" falsecount="1"/>
      <line num="573" count="2" type="cond" truecount="2" falsecount="0"/>
      <line num="576" count="2" type="cond" truecount="3" falsecount="1"/>
      <line num="577" count="2" type="cond" truecount="3" falsecount="1"/>
      <line num="578" count="0" type="stmt"/>
      <line num="580" count="2" type="stmt"/>
      <line num="581" count="2" type="stmt"/>
      <line num="582" count="2" type="stmt"/>
      <line num="587" count="4" type="stmt"/>
      <line num="589" count="2" type="stmt"/>
      <line num="593" count="2" type="cond" truecount="1" falsecount="1"/>
      <line num="596" count="9" type="stmt"/>
      <line num="598" count="9" type="stmt"/>
      <line num="599" count="9" type="stmt"/>
      <line num="606" count="8" type="stmt"/>
      <line num="607" count="8" type="cond" truecount="2" falsecount="0"/>
      <line num="608" count="8" type="cond" truecount="1" falsecount="1"/>
      <line num="609" count="8" type="stmt"/>
      <line num="610" count="8" type="stmt"/>
      <line num="611" count="2" type="stmt"/>
      <line num="612" count="2" type="stmt"/>
      <line num="615" count="0" type="stmt"/>
      <line num="618" count="8" type="stmt"/>
      <line num="619" count="2" type="cond" truecount="1" falsecount="1"/>
      <line num="620" count="2" type="cond" truecount="3" falsecount="1"/>
      <line num="621" count="2" type="stmt"/>
      <line num="622" count="2" type="stmt"/>
      <line num="623" count="4" type="cond" truecount="4" falsecount="0"/>
      <line num="624" count="2" type="stmt"/>
      <line num="625" count="2" type="cond" truecount="2" falsecount="3"/>
      <line num="626" count="2" type="stmt"/>
      <line num="630" count="2" type="cond" truecount="3" falsecount="3"/>
      <line num="631" count="2" type="stmt"/>
      <line num="634" count="2" type="stmt"/>
      <line num="635" count="2" type="cond" truecount="1" falsecount="1"/>
      <line num="636" count="2" type="stmt"/>
      <line num="639" count="8" type="cond" truecount="1" falsecount="1"/>
      <line num="640" count="8" type="stmt"/>
      <line num="641" count="20" type="cond" truecount="4" falsecount="0"/>
      <line num="642" count="20" type="cond" truecount="5" falsecount="0"/>
      <line num="644" count="8" type="stmt"/>
      <line num="645" count="9" type="cond" truecount="3" falsecount="1"/>
      <line num="646" count="0" type="stmt"/>
      <line num="648" count="9" type="stmt"/>
      <line num="649" count="9" type="cond" truecount="2" falsecount="0"/>
      <line num="650" count="7" type="stmt"/>
      <line num="652" count="9" type="stmt"/>
      <line num="653" count="9" type="stmt"/>
      <line num="655" count="8" type="stmt"/>
      <line num="656" count="1" type="cond" truecount="2" falsecount="2"/>
      <line num="657" count="0" type="stmt"/>
      <line num="659" count="1" type="cond" truecount="2" falsecount="0"/>
      <line num="660" count="1" type="cond" truecount="2" falsecount="2"/>
      <line num="661" count="0" type="stmt"/>
      <line num="662" count="0" type="cond" truecount="0" falsecount="4"/>
      <line num="663" count="0" type="stmt"/>
      <line num="666" count="0" type="stmt"/>
      <line num="668" count="1" type="stmt"/>
      <line num="669" count="1" type="cond" truecount="1" falsecount="1"/>
      <line num="670" count="0" type="stmt"/>
      <line num="671" count="0" type="stmt"/>
      <line num="673" count="1" type="stmt"/>
      <line num="675" count="8" type="stmt"/>
      <line num="676" count="0" type="stmt"/>
      <line num="678" count="8" type="stmt"/>
      <line num="679" count="2" type="cond" truecount="1" falsecount="1"/>
      <line num="686" count="8" type="stmt"/>
      <line num="687" count="2" type="stmt"/>
      <line num="688" count="2" type="stmt"/>
      <line num="691" count="8" type="stmt"/>
      <line num="692" count="0" type="cond" truecount="0" falsecount="2"/>
      <line num="693" count="0" type="stmt"/>
      <line num="694" count="0" type="cond" truecount="0" falsecount="2"/>
      <line num="695" count="0" type="stmt"/>
      <line num="697" count="0" type="stmt"/>
      <line num="698" count="0" type="cond" truecount="0" falsecount="2"/>
      <line num="699" count="0" type="stmt"/>
      <line num="701" count="8" type="stmt"/>
      <line num="702" count="12" type="cond" truecount="2" falsecount="0"/>
      <line num="703" count="2" type="cond" truecount="2" falsecount="2"/>
      <line num="705" count="10" type="stmt"/>
      <line num="706" count="10" type="stmt"/>
      <line num="707" count="10" type="cond" truecount="2" falsecount="0"/>
      <line num="709" count="8" type="stmt"/>
      <line num="718" count="0" type="cond" truecount="0" falsecount="2"/>
      <line num="719" count="0" type="stmt"/>
      <line num="720" count="0" type="stmt"/>
      <line num="722" count="0" type="stmt"/>
      <line num="723" count="0" type="stmt"/>
      <line num="724" count="0" type="cond" truecount="0" falsecount="2"/>
      <line num="725" count="0" type="stmt"/>
      <line num="726" count="0" type="stmt"/>
      <line num="729" count="0" type="stmt"/>
      <line num="730" count="0" type="cond" truecount="0" falsecount="2"/>
      <line num="731" count="0" type="cond" truecount="0" falsecount="2"/>
      <line num="732" count="0" type="stmt"/>
      <line num="735" count="0" type="stmt"/>
      <line num="737" count="0" type="stmt"/>
      <line num="738" count="0" type="stmt"/>
      <line num="739" count="0" type="cond" truecount="0" falsecount="2"/>
      <line num="740" count="0" type="stmt"/>
      <line num="743" count="0" type="stmt"/>
      <line num="744" count="0" type="stmt"/>
      <line num="747" count="0" type="stmt"/>
      <line num="748" count="0" type="stmt"/>
      <line num="749" count="0" type="cond" truecount="0" falsecount="2"/>
      <line num="750" count="0" type="stmt"/>
      <line num="753" count="0" type="stmt"/>
      <line num="756" count="0" type="stmt"/>
      <line num="771" count="9" type="stmt"/>
      <line num="773" count="0" type="stmt"/>
      <line num="775" count="0" type="stmt"/>
      <line num="777" count="0" type="stmt"/>
      <line num="779" count="0" type="stmt"/>
      <line num="780" count="0" type="stmt"/>
      <line num="781" count="0" type="stmt"/>
      <line num="782" count="0" type="stmt"/>
      <line num="783" count="0" type="cond" truecount="0" falsecount="2"/>
      <line num="784" count="0" type="stmt"/>
      <line num="785" count="0" type="stmt"/>
      <line num="786" count="0" type="cond" truecount="0" falsecount="2"/>
      <line num="787" count="0" type="stmt"/>
      <line num="788" count="0" type="stmt"/>
      <line num="790" count="0" type="stmt"/>
      <line num="791" count="0" type="stmt"/>
      <line num="792" count="0" type="cond" truecount="0" falsecount="2"/>
      <line num="793" count="0" type="stmt"/>
      <line num="795" count="0" type="cond" truecount="0" falsecount="4"/>
      <line num="796" count="0" type="stmt"/>
      <line num="797" count="0" type="stmt"/>
      <line num="798" count="0" type="stmt"/>
      <line num="800" count="0" type="cond" truecount="0" falsecount="2"/>
      <line num="801" count="0" type="stmt"/>
      <line num="802" count="0" type="stmt"/>
      <line num="805" count="0" type="stmt"/>
      <line num="806" count="0" type="stmt"/>
      <line num="809" count="0" type="stmt"/>
      <line num="812" count="0" type="stmt"/>
      <line num="815" count="0" type="stmt"/>
      <line num="816" count="0" type="stmt"/>
      <line num="819" count="0" type="stmt"/>
      <line num="820" count="0" type="stmt"/>
      <line num="823" count="0" type="stmt"/>
      <line num="824" count="0" type="stmt"/>
      <line num="825" count="0" type="cond" truecount="0" falsecount="2"/>
      <line num="833" count="0" type="stmt"/>
      <line num="834" count="0" type="stmt"/>
      <line num="840" count="0" type="stmt"/>
      <line num="841" count="0" type="stmt"/>
      <line num="843" count="0" type="stmt"/>
      <line num="846" count="9" type="stmt"/>
      <line num="847" count="9" type="stmt"/>
      <line num="848" count="9" type="stmt"/>
      <line num="849" count="9" type="stmt"/>
      <line num="850" count="9" type="stmt"/>
      <line num="851" count="9" type="stmt"/>
      <line num="852" count="9" type="stmt"/>
      <line num="853" count="9" type="stmt"/>
      <line num="854" count="9" type="stmt"/>
      <line num="855" count="9" type="stmt"/>
      <line num="856" count="9" type="stmt"/>
      <line num="857" count="9" type="stmt"/>
      <line num="858" count="9" type="stmt"/>
      <line num="859" count="9" type="stmt"/>
      <line num="860" count="9" type="stmt"/>
      <line num="861" count="9" type="stmt"/>
      <line num="862" count="9" type="stmt"/>
      <line num="863" count="9" type="stmt"/>
      <line num="864" count="9" type="stmt"/>
      <line num="865" count="9" type="stmt"/>
      <line num="866" count="9" type="stmt"/>
      <line num="867" count="9" type="stmt"/>
      <line num="868" count="9" type="stmt"/>
      <line num="869" count="9" type="stmt"/>
      <line num="870" count="9" type="stmt"/>
      <line num="871" count="9" type="stmt"/>
    </file>
  </project>
</coverage>
