{"/Volumes/data/www/wxhccc/es-util/dist/index.js": {"path":"/Volumes/data/www/wxhccc/es-util/dist/index.js","statementMap":{"0":{"start":{"line":8,"column":0},"end":{"line":8,"column":62}},"1":{"start":{"line":10,"column":45},"end":{"line":10,"column":61}},"2":{"start":{"line":12,"column":4},"end":{"line":12,"column":33}},"3":{"start":{"line":25,"column":96},"end":{"line":32,"column":5}},"4":{"start":{"line":33,"column":20},"end":{"line":33,"column":97}},"5":{"start":{"line":34,"column":18},"end":{"line":34,"column":20}},"6":{"start":{"line":35,"column":20},"end":{"line":35,"column":22}},"7":{"start":{"line":36,"column":4},"end":{"line":40,"column":7}},"8":{"start":{"line":37,"column":8},"end":{"line":37,"column":121}},"9":{"start":{"line":38,"column":8},"end":{"line":38,"column":171}},"10":{"start":{"line":39,"column":8},"end":{"line":39,"column":56}},"11":{"start":{"line":41,"column":4},"end":{"line":46,"column":5}},"12":{"start":{"line":42,"column":8},"end":{"line":42,"column":37}},"13":{"start":{"line":44,"column":9},"end":{"line":46,"column":5}},"14":{"start":{"line":45,"column":8},"end":{"line":45,"column":41}},"15":{"start":{"line":47,"column":4},"end":{"line":47,"column":21}},"16":{"start":{"line":50,"column":18},"end":{"line":50,"column":20}},"17":{"start":{"line":51,"column":4},"end":{"line":53,"column":5}},"18":{"start":{"line":52,"column":8},"end":{"line":52,"column":52}},"19":{"start":{"line":54,"column":4},"end":{"line":54,"column":19}},"20":{"start":{"line":67,"column":98},"end":{"line":73,"column":15}},"21":{"start":{"line":74,"column":16},"end":{"line":74,"column":38}},"22":{"start":{"line":75,"column":4},"end":{"line":76,"column":21}},"23":{"start":{"line":76,"column":8},"end":{"line":76,"column":21}},"24":{"start":{"line":78,"column":23},"end":{"line":78,"column":62}},"25":{"start":{"line":79,"column":8},"end":{"line":82,"column":9}},"26":{"start":{"line":80,"column":28},"end":{"line":80,"column":84}},"27":{"start":{"line":81,"column":12},"end":{"line":81,"column":77}},"28":{"start":{"line":83,"column":8},"end":{"line":85,"column":9}},"29":{"start":{"line":84,"column":12},"end":{"line":84,"column":80}},"30":{"start":{"line":84,"column":50},"end":{"line":84,"column":78}},"31":{"start":{"line":87,"column":21},"end":{"line":87,"column":76}},"32":{"start":{"line":88,"column":4},"end":{"line":88,"column":34}},"33":{"start":{"line":89,"column":4},"end":{"line":89,"column":17}},"34":{"start":{"line":93,"column":18},"end":{"line":93,"column":91}},"35":{"start":{"line":96,"column":21},"end":{"line":96,"column":50}},"36":{"start":{"line":97,"column":22},"end":{"line":97,"column":232}},"37":{"start":{"line":98,"column":26},"end":{"line":118,"column":5}},"38":{"start":{"line":99,"column":8},"end":{"line":116,"column":9}},"39":{"start":{"line":100,"column":26},"end":{"line":100,"column":44}},"40":{"start":{"line":103,"column":27},"end":{"line":103,"column":80}},"41":{"start":{"line":105,"column":27},"end":{"line":105,"column":62}},"42":{"start":{"line":106,"column":22},"end":{"line":106,"column":23}},"43":{"start":{"line":107,"column":21},"end":{"line":107,"column":22}},"44":{"start":{"line":108,"column":21},"end":{"line":108,"column":22}},"45":{"start":{"line":109,"column":12},"end":{"line":113,"column":13}},"46":{"start":{"line":109,"column":25},"end":{"line":109,"column":26}},"47":{"start":{"line":110,"column":16},"end":{"line":110,"column":40}},"48":{"start":{"line":111,"column":16},"end":{"line":111,"column":31}},"49":{"start":{"line":112,"column":16},"end":{"line":112,"column":31}},"50":{"start":{"line":114,"column":25},"end":{"line":114,"column":41}},"51":{"start":{"line":115,"column":12},"end":{"line":115,"column":49}},"52":{"start":{"line":117,"column":8},"end":{"line":117,"column":20}},"53":{"start":{"line":119,"column":4},"end":{"line":119,"column":100}},"54":{"start":{"line":123,"column":4},"end":{"line":123,"column":39}},"55":{"start":{"line":124,"column":15},"end":{"line":124,"column":28}},"56":{"start":{"line":125,"column":15},"end":{"line":125,"column":21}},"57":{"start":{"line":126,"column":15},"end":{"line":126,"column":26}},"58":{"start":{"line":127,"column":15},"end":{"line":127,"column":26}},"59":{"start":{"line":128,"column":16},"end":{"line":128,"column":28}},"60":{"start":{"line":129,"column":17},"end":{"line":129,"column":29}},"61":{"start":{"line":130,"column":19},"end":{"line":147,"column":5}},"62":{"start":{"line":131,"column":20},"end":{"line":131,"column":22}},"63":{"start":{"line":132,"column":8},"end":{"line":145,"column":9}},"64":{"start":{"line":132,"column":21},"end":{"line":132,"column":22}},"65":{"start":{"line":133,"column":12},"end":{"line":133,"column":36}},"66":{"start":{"line":134,"column":12},"end":{"line":144,"column":13}},"67":{"start":{"line":135,"column":16},"end":{"line":135,"column":32}},"68":{"start":{"line":137,"column":17},"end":{"line":144,"column":13}},"69":{"start":{"line":138,"column":16},"end":{"line":143,"column":17}},"70":{"start":{"line":139,"column":20},"end":{"line":139,"column":32}},"71":{"start":{"line":142,"column":20},"end":{"line":142,"column":33}},"72":{"start":{"line":146,"column":8},"end":{"line":146,"column":29}},"73":{"start":{"line":149,"column":22},"end":{"line":153,"column":5}},"74":{"start":{"line":150,"column":23},"end":{"line":150,"column":60}},"75":{"start":{"line":151,"column":22},"end":{"line":151,"column":39}},"76":{"start":{"line":152,"column":8},"end":{"line":152,"column":82}},"77":{"start":{"line":152,"column":36},"end":{"line":152,"column":79}},"78":{"start":{"line":154,"column":4},"end":{"line":154,"column":198}},"79":{"start":{"line":158,"column":19},"end":{"line":158,"column":21}},"80":{"start":{"line":159,"column":4},"end":{"line":165,"column":11}},"81":{"start":{"line":160,"column":45},"end":{"line":160,"column":88}},"82":{"start":{"line":162,"column":24},"end":{"line":162,"column":90}},"83":{"start":{"line":163,"column":26},"end":{"line":163,"column":98}},"84":{"start":{"line":164,"column":12},"end":{"line":164,"column":79}},"85":{"start":{"line":166,"column":4},"end":{"line":166,"column":18}},"86":{"start":{"line":168,"column":17},"end":{"line":168,"column":83}},"87":{"start":{"line":168,"column":26},"end":{"line":168,"column":83}},"88":{"start":{"line":177,"column":4},"end":{"line":179,"column":5}},"89":{"start":{"line":178,"column":8},"end":{"line":178,"column":18}},"90":{"start":{"line":180,"column":4},"end":{"line":187,"column":5}},"91":{"start":{"line":181,"column":8},"end":{"line":181,"column":46}},"92":{"start":{"line":181,"column":32},"end":{"line":181,"column":44}},"93":{"start":{"line":183,"column":9},"end":{"line":187,"column":5}},"94":{"start":{"line":184,"column":8},"end":{"line":186,"column":44}},"95":{"start":{"line":184,"column":45},"end":{"line":186,"column":42}},"96":{"start":{"line":188,"column":4},"end":{"line":188,"column":33}},"97":{"start":{"line":197,"column":4},"end":{"line":199,"column":5}},"98":{"start":{"line":198,"column":8},"end":{"line":198,"column":15}},"99":{"start":{"line":200,"column":17},"end":{"line":200,"column":19}},"100":{"start":{"line":201,"column":4},"end":{"line":203,"column":5}},"101":{"start":{"line":202,"column":8},"end":{"line":202,"column":59}},"102":{"start":{"line":204,"column":4},"end":{"line":204,"column":18}},"103":{"start":{"line":208,"column":22},"end":{"line":225,"column":1}},"104":{"start":{"line":209,"column":20},"end":{"line":219,"column":5}},"105":{"start":{"line":220,"column":22},"end":{"line":220,"column":62}},"106":{"start":{"line":221,"column":4},"end":{"line":224,"column":6}},"107":{"start":{"line":228,"column":17},"end":{"line":233,"column":15}},"108":{"start":{"line":234,"column":53},"end":{"line":234,"column":57}},"109":{"start":{"line":235,"column":21},"end":{"line":235,"column":40}},"110":{"start":{"line":236,"column":4},"end":{"line":237,"column":15}},"111":{"start":{"line":237,"column":8},"end":{"line":237,"column":15}},"112":{"start":{"line":238,"column":21},"end":{"line":238,"column":44}},"113":{"start":{"line":239,"column":4},"end":{"line":239,"column":38}},"114":{"start":{"line":240,"column":30},"end":{"line":240,"column":62}},"115":{"start":{"line":241,"column":21},"end":{"line":241,"column":90}},"116":{"start":{"line":241,"column":32},"end":{"line":241,"column":90}},"117":{"start":{"line":242,"column":18},"end":{"line":242,"column":20}},"118":{"start":{"line":243,"column":19},"end":{"line":243,"column":20}},"119":{"start":{"line":244,"column":4},"end":{"line":260,"column":5}},"120":{"start":{"line":245,"column":25},"end":{"line":245,"column":55}},"121":{"start":{"line":246,"column":8},"end":{"line":246,"column":42}},"122":{"start":{"line":247,"column":22},"end":{"line":247,"column":43}},"123":{"start":{"line":248,"column":8},"end":{"line":248,"column":46}},"124":{"start":{"line":251,"column":8},"end":{"line":259,"column":11}},"125":{"start":{"line":252,"column":29},"end":{"line":252,"column":56}},"126":{"start":{"line":253,"column":26},"end":{"line":253,"column":47}},"127":{"start":{"line":254,"column":12},"end":{"line":255,"column":29}},"128":{"start":{"line":255,"column":16},"end":{"line":255,"column":29}},"129":{"start":{"line":256,"column":12},"end":{"line":256,"column":43}},"130":{"start":{"line":257,"column":12},"end":{"line":257,"column":50}},"131":{"start":{"line":258,"column":12},"end":{"line":258,"column":24}},"132":{"start":{"line":261,"column":4},"end":{"line":261,"column":82}},"133":{"start":{"line":267,"column":19},"end":{"line":270,"column":1}},"134":{"start":{"line":278,"column":4},"end":{"line":280,"column":5}},"135":{"start":{"line":279,"column":8},"end":{"line":279,"column":18}},"136":{"start":{"line":281,"column":21},"end":{"line":281,"column":104}},"137":{"start":{"line":282,"column":92},"end":{"line":282,"column":134}},"138":{"start":{"line":283,"column":21},"end":{"line":283,"column":25}},"139":{"start":{"line":284,"column":22},"end":{"line":284,"column":24}},"140":{"start":{"line":285,"column":21},"end":{"line":285,"column":23}},"141":{"start":{"line":286,"column":27},"end":{"line":286,"column":67}},"142":{"start":{"line":287,"column":4},"end":{"line":291,"column":5}},"143":{"start":{"line":288,"column":22},"end":{"line":288,"column":55}},"144":{"start":{"line":289,"column":8},"end":{"line":289,"column":45}},"145":{"start":{"line":290,"column":8},"end":{"line":290,"column":43}},"146":{"start":{"line":292,"column":25},"end":{"line":292,"column":67}},"147":{"start":{"line":293,"column":4},"end":{"line":296,"column":5}},"148":{"start":{"line":294,"column":8},"end":{"line":294,"column":55}},"149":{"start":{"line":295,"column":8},"end":{"line":295,"column":46}},"150":{"start":{"line":297,"column":18},"end":{"line":297,"column":38}},"151":{"start":{"line":298,"column":21},"end":{"line":298,"column":34}},"152":{"start":{"line":299,"column":20},"end":{"line":299,"column":32}},"153":{"start":{"line":300,"column":19},"end":{"line":300,"column":125}},"154":{"start":{"line":301,"column":29},"end":{"line":301,"column":35}},"155":{"start":{"line":302,"column":4},"end":{"line":302,"column":67}},"156":{"start":{"line":303,"column":4},"end":{"line":303,"column":66}},"157":{"start":{"line":304,"column":4},"end":{"line":306,"column":7}},"158":{"start":{"line":305,"column":8},"end":{"line":305,"column":74}},"159":{"start":{"line":307,"column":4},"end":{"line":307,"column":30}},"160":{"start":{"line":308,"column":4},"end":{"line":308,"column":29}},"161":{"start":{"line":316,"column":21},"end":{"line":316,"column":66}},"162":{"start":{"line":316,"column":30},"end":{"line":316,"column":66}},"163":{"start":{"line":318,"column":21},"end":{"line":318,"column":66}},"164":{"start":{"line":318,"column":30},"end":{"line":318,"column":66}},"165":{"start":{"line":320,"column":49},"end":{"line":320,"column":65}},"166":{"start":{"line":321,"column":16},"end":{"line":324,"column":1}},"167":{"start":{"line":322,"column":21},"end":{"line":322,"column":68}},"168":{"start":{"line":323,"column":4},"end":{"line":323,"column":39}},"169":{"start":{"line":331,"column":4},"end":{"line":337,"column":5}},"170":{"start":{"line":332,"column":21},"end":{"line":332,"column":34}},"171":{"start":{"line":333,"column":8},"end":{"line":333,"column":28}},"172":{"start":{"line":336,"column":8},"end":{"line":336,"column":32}},"173":{"start":{"line":340,"column":4},"end":{"line":341,"column":25}},"174":{"start":{"line":341,"column":8},"end":{"line":341,"column":25}},"175":{"start":{"line":342,"column":4},"end":{"line":347,"column":5}},"176":{"start":{"line":343,"column":8},"end":{"line":343,"column":21}},"177":{"start":{"line":345,"column":9},"end":{"line":347,"column":5}},"178":{"start":{"line":346,"column":8},"end":{"line":346,"column":23}},"179":{"start":{"line":348,"column":4},"end":{"line":348,"column":21}},"180":{"start":{"line":350,"column":21},"end":{"line":364,"column":1}},"181":{"start":{"line":351,"column":15},"end":{"line":351,"column":41}},"182":{"start":{"line":352,"column":4},"end":{"line":363,"column":7}},"183":{"start":{"line":354,"column":34},"end":{"line":354,"column":38}},"184":{"start":{"line":356,"column":12},"end":{"line":358,"column":13}},"185":{"start":{"line":357,"column":16},"end":{"line":357,"column":46}},"186":{"start":{"line":359,"column":12},"end":{"line":359,"column":22}},"187":{"start":{"line":361,"column":31},"end":{"line":361,"column":33}},"188":{"start":{"line":362,"column":23},"end":{"line":362,"column":25}},"189":{"start":{"line":365,"column":16},"end":{"line":365,"column":18}},"190":{"start":{"line":367,"column":24},"end":{"line":367,"column":42}},"191":{"start":{"line":368,"column":26},"end":{"line":368,"column":51}},"192":{"start":{"line":369,"column":20},"end":{"line":369,"column":50}},"193":{"start":{"line":370,"column":21},"end":{"line":370,"column":59}},"194":{"start":{"line":371,"column":25},"end":{"line":371,"column":63}},"195":{"start":{"line":372,"column":56},"end":{"line":372,"column":139}},"196":{"start":{"line":373,"column":25},"end":{"line":373,"column":34}},"197":{"start":{"line":374,"column":24},"end":{"line":374,"column":33}},"198":{"start":{"line":375,"column":18},"end":{"line":375,"column":20}},"199":{"start":{"line":376,"column":19},"end":{"line":376,"column":24}},"200":{"start":{"line":377,"column":21},"end":{"line":377,"column":26}},"201":{"start":{"line":378,"column":16},"end":{"line":378,"column":68}},"202":{"start":{"line":378,"column":30},"end":{"line":378,"column":68}},"203":{"start":{"line":379,"column":18},"end":{"line":379,"column":52}},"204":{"start":{"line":379,"column":27},"end":{"line":379,"column":52}},"205":{"start":{"line":380,"column":21},"end":{"line":395,"column":5}},"206":{"start":{"line":381,"column":21},"end":{"line":381,"column":26}},"207":{"start":{"line":382,"column":8},"end":{"line":393,"column":9}},"208":{"start":{"line":383,"column":25},"end":{"line":383,"column":28}},"209":{"start":{"line":384,"column":12},"end":{"line":392,"column":13}},"210":{"start":{"line":384,"column":25},"end":{"line":384,"column":26}},"211":{"start":{"line":385,"column":28},"end":{"line":385,"column":35}},"212":{"start":{"line":386,"column":16},"end":{"line":388,"column":17}},"213":{"start":{"line":387,"column":20},"end":{"line":387,"column":26}},"214":{"start":{"line":389,"column":16},"end":{"line":389,"column":37}},"215":{"start":{"line":390,"column":16},"end":{"line":391,"column":78}},"216":{"start":{"line":394,"column":8},"end":{"line":394,"column":22}},"217":{"start":{"line":396,"column":21},"end":{"line":423,"column":5}},"218":{"start":{"line":398,"column":8},"end":{"line":399,"column":19}},"219":{"start":{"line":399,"column":12},"end":{"line":399,"column":19}},"220":{"start":{"line":400,"column":62},"end":{"line":400,"column":69}},"221":{"start":{"line":400,"column":42},"end":{"line":400,"column":55}},"222":{"start":{"line":401,"column":28},"end":{"line":401,"column":51}},"223":{"start":{"line":402,"column":26},"end":{"line":402,"column":56}},"224":{"start":{"line":403,"column":21},"end":{"line":403,"column":30}},"225":{"start":{"line":404,"column":21},"end":{"line":404,"column":26}},"226":{"start":{"line":405,"column":8},"end":{"line":420,"column":9}},"227":{"start":{"line":405,"column":21},"end":{"line":405,"column":22}},"228":{"start":{"line":406,"column":24},"end":{"line":406,"column":31}},"229":{"start":{"line":407,"column":29},"end":{"line":407,"column":45}},"230":{"start":{"line":408,"column":12},"end":{"line":419,"column":13}},"231":{"start":{"line":409,"column":31},"end":{"line":409,"column":63}},"232":{"start":{"line":410,"column":16},"end":{"line":410,"column":45}},"233":{"start":{"line":411,"column":16},"end":{"line":411,"column":51}},"234":{"start":{"line":414,"column":16},"end":{"line":414,"column":51}},"235":{"start":{"line":415,"column":16},"end":{"line":416,"column":26}},"236":{"start":{"line":416,"column":20},"end":{"line":416,"column":26}},"237":{"start":{"line":417,"column":16},"end":{"line":417,"column":66}},"238":{"start":{"line":418,"column":16},"end":{"line":418,"column":37}},"239":{"start":{"line":422,"column":8},"end":{"line":422,"column":85}},"240":{"start":{"line":424,"column":22},"end":{"line":434,"column":5}},"241":{"start":{"line":425,"column":8},"end":{"line":429,"column":9}},"242":{"start":{"line":427,"column":12},"end":{"line":427,"column":91}},"243":{"start":{"line":428,"column":12},"end":{"line":428,"column":19}},"244":{"start":{"line":430,"column":8},"end":{"line":431,"column":54}},"245":{"start":{"line":431,"column":12},"end":{"line":431,"column":54}},"246":{"start":{"line":432,"column":8},"end":{"line":433,"column":33}},"247":{"start":{"line":433,"column":12},"end":{"line":433,"column":33}},"248":{"start":{"line":435,"column":22},"end":{"line":442,"column":5}},"249":{"start":{"line":437,"column":8},"end":{"line":438,"column":54}},"250":{"start":{"line":438,"column":12},"end":{"line":438,"column":54}},"251":{"start":{"line":439,"column":8},"end":{"line":440,"column":38}},"252":{"start":{"line":440,"column":12},"end":{"line":440,"column":38}},"253":{"start":{"line":441,"column":8},"end":{"line":441,"column":47}},"254":{"start":{"line":443,"column":4},"end":{"line":459,"column":5}},"255":{"start":{"line":444,"column":28},"end":{"line":444,"column":75}},"256":{"start":{"line":444,"column":37},"end":{"line":444,"column":75}},"257":{"start":{"line":445,"column":8},"end":{"line":456,"column":9}},"258":{"start":{"line":446,"column":12},"end":{"line":446,"column":38}},"259":{"start":{"line":448,"column":13},"end":{"line":456,"column":9}},"260":{"start":{"line":449,"column":12},"end":{"line":449,"column":33}},"261":{"start":{"line":451,"column":13},"end":{"line":456,"column":9}},"262":{"start":{"line":452,"column":12},"end":{"line":452,"column":34}},"263":{"start":{"line":453,"column":12},"end":{"line":455,"column":13}},"264":{"start":{"line":454,"column":16},"end":{"line":454,"column":46}},"265":{"start":{"line":457,"column":8},"end":{"line":457,"column":77}},"266":{"start":{"line":458,"column":8},"end":{"line":458,"column":47}},"267":{"start":{"line":462,"column":4},"end":{"line":467,"column":5}},"268":{"start":{"line":463,"column":8},"end":{"line":463,"column":95}},"269":{"start":{"line":466,"column":8},"end":{"line":466,"column":61}},"270":{"start":{"line":468,"column":19},"end":{"line":468,"column":41}},"271":{"start":{"line":468,"column":25},"end":{"line":468,"column":41}},"272":{"start":{"line":469,"column":4},"end":{"line":473,"column":7}},"273":{"start":{"line":471,"column":41},"end":{"line":471,"column":53}},"274":{"start":{"line":474,"column":4},"end":{"line":477,"column":5}},"275":{"start":{"line":475,"column":8},"end":{"line":475,"column":24}},"276":{"start":{"line":476,"column":8},"end":{"line":476,"column":53}},"277":{"start":{"line":478,"column":4},"end":{"line":478,"column":23}},"278":{"start":{"line":480,"column":11},"end":{"line":480,"column":96}},"279":{"start":{"line":480,"column":81},"end":{"line":480,"column":93}},"280":{"start":{"line":481,"column":20},"end":{"line":490,"column":1}},"281":{"start":{"line":483,"column":8},"end":{"line":488,"column":9}},"282":{"start":{"line":484,"column":12},"end":{"line":484,"column":64}},"283":{"start":{"line":487,"column":12},"end":{"line":487,"column":50}},"284":{"start":{"line":493,"column":4},"end":{"line":498,"column":5}},"285":{"start":{"line":494,"column":8},"end":{"line":494,"column":32}},"286":{"start":{"line":497,"column":8},"end":{"line":497,"column":26}},"287":{"start":{"line":503,"column":19},"end":{"line":503,"column":83}},"288":{"start":{"line":503,"column":30},"end":{"line":503,"column":83}},"289":{"start":{"line":510,"column":23},"end":{"line":519,"column":1}},"290":{"start":{"line":511,"column":19},"end":{"line":511,"column":21}},"291":{"start":{"line":512,"column":4},"end":{"line":517,"column":7}},"292":{"start":{"line":513,"column":22},"end":{"line":513,"column":30}},"293":{"start":{"line":514,"column":8},"end":{"line":516,"column":9}},"294":{"start":{"line":515,"column":12},"end":{"line":515,"column":126}},"295":{"start":{"line":518,"column":4},"end":{"line":518,"column":18}},"296":{"start":{"line":520,"column":21},"end":{"line":520,"column":37}},"297":{"start":{"line":526,"column":30},"end":{"line":539,"column":1}},"298":{"start":{"line":527,"column":4},"end":{"line":529,"column":5}},"299":{"start":{"line":528,"column":8},"end":{"line":528,"column":25}},"300":{"start":{"line":530,"column":4},"end":{"line":537,"column":5}},"301":{"start":{"line":531,"column":8},"end":{"line":531,"column":47}},"302":{"start":{"line":533,"column":9},"end":{"line":537,"column":5}},"303":{"start":{"line":534,"column":8},"end":{"line":536,"column":11}},"304":{"start":{"line":535,"column":12},"end":{"line":535,"column":57}},"305":{"start":{"line":538,"column":4},"end":{"line":538,"column":16}},"306":{"start":{"line":546,"column":25},"end":{"line":594,"column":1}},"307":{"start":{"line":547,"column":21},"end":{"line":547,"column":38}},"308":{"start":{"line":548,"column":21},"end":{"line":548,"column":23}},"309":{"start":{"line":549,"column":21},"end":{"line":549,"column":23}},"310":{"start":{"line":550,"column":4},"end":{"line":557,"column":7}},"311":{"start":{"line":551,"column":8},"end":{"line":556,"column":9}},"312":{"start":{"line":552,"column":12},"end":{"line":552,"column":42}},"313":{"start":{"line":555,"column":12},"end":{"line":555,"column":42}},"314":{"start":{"line":558,"column":23},"end":{"line":558,"column":44}},"315":{"start":{"line":560,"column":4},"end":{"line":562,"column":5}},"316":{"start":{"line":561,"column":8},"end":{"line":561,"column":24}},"317":{"start":{"line":563,"column":64},"end":{"line":563,"column":100}},"318":{"start":{"line":564,"column":23},"end":{"line":588,"column":10}},"319":{"start":{"line":565,"column":23},"end":{"line":565,"column":36}},"320":{"start":{"line":566,"column":25},"end":{"line":566,"column":34}},"321":{"start":{"line":567,"column":8},"end":{"line":569,"column":9}},"322":{"start":{"line":568,"column":12},"end":{"line":568,"column":23}},"323":{"start":{"line":571,"column":8},"end":{"line":586,"column":9}},"324":{"start":{"line":572,"column":12},"end":{"line":574,"column":13}},"325":{"start":{"line":573,"column":16},"end":{"line":573,"column":88}},"326":{"start":{"line":576,"column":13},"end":{"line":586,"column":9}},"327":{"start":{"line":577,"column":12},"end":{"line":579,"column":13}},"328":{"start":{"line":578,"column":16},"end":{"line":578,"column":27}},"329":{"start":{"line":580,"column":47},"end":{"line":580,"column":55}},"330":{"start":{"line":581,"column":43},"end":{"line":581,"column":49}},"331":{"start":{"line":582,"column":12},"end":{"line":585,"column":15}},"332":{"start":{"line":587,"column":8},"end":{"line":587,"column":19}},"333":{"start":{"line":589,"column":19},"end":{"line":592,"column":5}},"334":{"start":{"line":593,"column":4},"end":{"line":593,"column":65}},"335":{"start":{"line":596,"column":32},"end":{"line":596,"column":137}},"336":{"start":{"line":596,"column":48},"end":{"line":596,"column":137}},"337":{"start":{"line":596,"column":77},"end":{"line":596,"column":137}},"338":{"start":{"line":598,"column":14},"end":{"line":598,"column":46}},"339":{"start":{"line":598,"column":23},"end":{"line":598,"column":46}},"340":{"start":{"line":599,"column":17},"end":{"line":599,"column":35}},"341":{"start":{"line":606,"column":21},"end":{"line":606,"column":53}},"342":{"start":{"line":607,"column":56},"end":{"line":607,"column":69}},"343":{"start":{"line":608,"column":26},"end":{"line":608,"column":106}},"344":{"start":{"line":609,"column":24},"end":{"line":609,"column":38}},"345":{"start":{"line":610,"column":28},"end":{"line":617,"column":5}},"346":{"start":{"line":611,"column":8},"end":{"line":616,"column":9}},"347":{"start":{"line":612,"column":12},"end":{"line":612,"column":30}},"348":{"start":{"line":615,"column":12},"end":{"line":615,"column":29}},"349":{"start":{"line":618,"column":27},"end":{"line":638,"column":5}},"350":{"start":{"line":619,"column":81},"end":{"line":619,"column":94}},"351":{"start":{"line":620,"column":8},"end":{"line":633,"column":9}},"352":{"start":{"line":621,"column":35},"end":{"line":621,"column":37}},"353":{"start":{"line":622,"column":12},"end":{"line":629,"column":15}},"354":{"start":{"line":623,"column":16},"end":{"line":628,"column":17}},"355":{"start":{"line":624,"column":39},"end":{"line":624,"column":61}},"356":{"start":{"line":625,"column":20},"end":{"line":627,"column":21}},"357":{"start":{"line":626,"column":24},"end":{"line":626,"column":54}},"358":{"start":{"line":630,"column":12},"end":{"line":632,"column":13}},"359":{"start":{"line":631,"column":16},"end":{"line":631,"column":84}},"360":{"start":{"line":631,"column":51},"end":{"line":631,"column":82}},"361":{"start":{"line":634,"column":34},"end":{"line":634,"column":56}},"362":{"start":{"line":635,"column":8},"end":{"line":637,"column":9}},"363":{"start":{"line":636,"column":12},"end":{"line":636,"column":92}},"364":{"start":{"line":636,"column":50},"end":{"line":636,"column":90}},"365":{"start":{"line":639,"column":30},"end":{"line":639,"column":96}},"366":{"start":{"line":640,"column":30},"end":{"line":643,"column":5}},"367":{"start":{"line":641,"column":51},"end":{"line":641,"column":64}},"368":{"start":{"line":642,"column":8},"end":{"line":642,"column":131}},"369":{"start":{"line":644,"column":15},"end":{"line":654,"column":5}},"370":{"start":{"line":645,"column":8},"end":{"line":647,"column":9}},"371":{"start":{"line":646,"column":12},"end":{"line":646,"column":19}},"372":{"start":{"line":648,"column":27},"end":{"line":648,"column":61}},"373":{"start":{"line":649,"column":8},"end":{"line":651,"column":9}},"374":{"start":{"line":650,"column":12},"end":{"line":650,"column":48}},"375":{"start":{"line":652,"column":26},"end":{"line":652,"column":50}},"376":{"start":{"line":653,"column":8},"end":{"line":653,"column":33}},"377":{"start":{"line":655,"column":16},"end":{"line":674,"column":5}},"378":{"start":{"line":656,"column":8},"end":{"line":658,"column":9}},"379":{"start":{"line":657,"column":12},"end":{"line":657,"column":19}},"380":{"start":{"line":659,"column":41},"end":{"line":659,"column":54}},"381":{"start":{"line":660,"column":8},"end":{"line":667,"column":9}},"382":{"start":{"line":661,"column":12},"end":{"line":665,"column":15}},"383":{"start":{"line":662,"column":16},"end":{"line":664,"column":17}},"384":{"start":{"line":663,"column":20},"end":{"line":663,"column":41}},"385":{"start":{"line":666,"column":12},"end":{"line":666,"column":19}},"386":{"start":{"line":668,"column":27},"end":{"line":668,"column":61}},"387":{"start":{"line":669,"column":8},"end":{"line":672,"column":9}},"388":{"start":{"line":670,"column":12},"end":{"line":670,"column":40}},"389":{"start":{"line":671,"column":12},"end":{"line":671,"column":19}},"390":{"start":{"line":673,"column":8},"end":{"line":673,"column":51}},"391":{"start":{"line":675,"column":31},"end":{"line":677,"column":5}},"392":{"start":{"line":676,"column":8},"end":{"line":676,"column":25}},"393":{"start":{"line":678,"column":26},"end":{"line":685,"column":5}},"394":{"start":{"line":679,"column":8},"end":{"line":684,"column":28}},"395":{"start":{"line":686,"column":17},"end":{"line":689,"column":5}},"396":{"start":{"line":687,"column":24},"end":{"line":687,"column":46}},"397":{"start":{"line":688,"column":8},"end":{"line":688,"column":35}},"398":{"start":{"line":691,"column":27},"end":{"line":700,"column":5}},"399":{"start":{"line":692,"column":8},"end":{"line":696,"column":9}},"400":{"start":{"line":693,"column":27},"end":{"line":693,"column":29}},"401":{"start":{"line":694,"column":12},"end":{"line":694,"column":93}},"402":{"start":{"line":694,"column":42},"end":{"line":694,"column":91}},"403":{"start":{"line":695,"column":12},"end":{"line":695,"column":26}},"404":{"start":{"line":697,"column":23},"end":{"line":697,"column":25}},"405":{"start":{"line":698,"column":8},"end":{"line":698,"column":70}},"406":{"start":{"line":698,"column":38},"end":{"line":698,"column":68}},"407":{"start":{"line":699,"column":8},"end":{"line":699,"column":22}},"408":{"start":{"line":701,"column":25},"end":{"line":708,"column":5}},"409":{"start":{"line":702,"column":8},"end":{"line":704,"column":9}},"410":{"start":{"line":703,"column":12},"end":{"line":703,"column":87}},"411":{"start":{"line":705,"column":27},"end":{"line":705,"column":61}},"412":{"start":{"line":706,"column":26},"end":{"line":706,"column":50}},"413":{"start":{"line":707,"column":8},"end":{"line":707,"column":54}},"414":{"start":{"line":709,"column":4},"end":{"line":709,"column":132}},"415":{"start":{"line":718,"column":44},"end":{"line":718,"column":57}},"416":{"start":{"line":719,"column":65},"end":{"line":719,"column":144}},"417":{"start":{"line":720,"column":22},"end":{"line":720,"column":49}},"418":{"start":{"line":720,"column":33},"end":{"line":720,"column":49}},"419":{"start":{"line":722,"column":15},"end":{"line":722,"column":34}},"420":{"start":{"line":723,"column":24},"end":{"line":723,"column":50}},"421":{"start":{"line":724,"column":4},"end":{"line":736,"column":5}},"422":{"start":{"line":725,"column":8},"end":{"line":725,"column":47}},"423":{"start":{"line":726,"column":8},"end":{"line":726,"column":50}},"424":{"start":{"line":729,"column":33},"end":{"line":734,"column":9}},"425":{"start":{"line":730,"column":28},"end":{"line":730,"column":72}},"426":{"start":{"line":731,"column":12},"end":{"line":733,"column":13}},"427":{"start":{"line":732,"column":16},"end":{"line":732,"column":30}},"428":{"start":{"line":735,"column":8},"end":{"line":735,"column":61}},"429":{"start":{"line":737,"column":17},"end":{"line":746,"column":5}},"430":{"start":{"line":738,"column":24},"end":{"line":738,"column":46}},"431":{"start":{"line":739,"column":8},"end":{"line":745,"column":9}},"432":{"start":{"line":740,"column":12},"end":{"line":740,"column":36}},"433":{"start":{"line":743,"column":35},"end":{"line":743,"column":82}},"434":{"start":{"line":744,"column":12},"end":{"line":744,"column":52}},"435":{"start":{"line":747,"column":20},"end":{"line":755,"column":5}},"436":{"start":{"line":748,"column":8},"end":{"line":748,"column":29}},"437":{"start":{"line":749,"column":8},"end":{"line":754,"column":9}},"438":{"start":{"line":750,"column":12},"end":{"line":750,"column":23}},"439":{"start":{"line":753,"column":12},"end":{"line":753,"column":39}},"440":{"start":{"line":756,"column":4},"end":{"line":756,"column":38}},"441":{"start":{"line":771,"column":23},"end":{"line":844,"column":1}},"442":{"start":{"line":773,"column":17},"end":{"line":773,"column":18}},"443":{"start":{"line":775,"column":17},"end":{"line":775,"column":22}},"444":{"start":{"line":777,"column":20},"end":{"line":777,"column":21}},"445":{"start":{"line":779,"column":24},"end":{"line":779,"column":25}},"446":{"start":{"line":780,"column":16},"end":{"line":780,"column":18}},"447":{"start":{"line":781,"column":24},"end":{"line":781,"column":29}},"448":{"start":{"line":782,"column":25},"end":{"line":813,"column":5}},"449":{"start":{"line":783,"column":22},"end":{"line":783,"column":52}},"450":{"start":{"line":784,"column":8},"end":{"line":784,"column":29}},"451":{"start":{"line":785,"column":8},"end":{"line":785,"column":27}},"452":{"start":{"line":786,"column":8},"end":{"line":789,"column":9}},"453":{"start":{"line":787,"column":12},"end":{"line":787,"column":60}},"454":{"start":{"line":787,"column":43},"end":{"line":787,"column":58}},"455":{"start":{"line":788,"column":12},"end":{"line":788,"column":34}},"456":{"start":{"line":790,"column":8},"end":{"line":811,"column":11}},"457":{"start":{"line":791,"column":81},"end":{"line":791,"column":85}},"458":{"start":{"line":792,"column":12},"end":{"line":794,"column":13}},"459":{"start":{"line":793,"column":16},"end":{"line":793,"column":23}},"460":{"start":{"line":795,"column":12},"end":{"line":799,"column":13}},"461":{"start":{"line":796,"column":16},"end":{"line":796,"column":38}},"462":{"start":{"line":797,"column":16},"end":{"line":797,"column":37}},"463":{"start":{"line":798,"column":16},"end":{"line":798,"column":23}},"464":{"start":{"line":800,"column":12},"end":{"line":810,"column":13}},"465":{"start":{"line":801,"column":16},"end":{"line":804,"column":29}},"466":{"start":{"line":802,"column":20},"end":{"line":802,"column":40}},"467":{"start":{"line":805,"column":16},"end":{"line":805,"column":33}},"468":{"start":{"line":806,"column":16},"end":{"line":806,"column":34}},"469":{"start":{"line":809,"column":16},"end":{"line":809,"column":38}},"470":{"start":{"line":812,"column":8},"end":{"line":812,"column":60}},"471":{"start":{"line":815,"column":18},"end":{"line":817,"column":5}},"472":{"start":{"line":816,"column":8},"end":{"line":816,"column":60}},"473":{"start":{"line":819,"column":17},"end":{"line":821,"column":5}},"474":{"start":{"line":820,"column":8},"end":{"line":820,"column":44}},"475":{"start":{"line":823,"column":24},"end":{"line":826,"column":5}},"476":{"start":{"line":824,"column":8},"end":{"line":824,"column":25}},"477":{"start":{"line":825,"column":8},"end":{"line":825,"column":34}},"478":{"start":{"line":833,"column":20},"end":{"line":835,"column":5}},"479":{"start":{"line":834,"column":8},"end":{"line":834,"column":76}},"480":{"start":{"line":840,"column":23},"end":{"line":842,"column":5}},"481":{"start":{"line":841,"column":8},"end":{"line":841,"column":67}},"482":{"start":{"line":841,"column":39},"end":{"line":841,"column":65}},"483":{"start":{"line":843,"column":4},"end":{"line":843,"column":61}},"484":{"start":{"line":846,"column":0},"end":{"line":846,"column":44}},"485":{"start":{"line":847,"column":0},"end":{"line":847,"column":28}},"486":{"start":{"line":848,"column":0},"end":{"line":848,"column":32}},"487":{"start":{"line":849,"column":0},"end":{"line":849,"column":36}},"488":{"start":{"line":850,"column":0},"end":{"line":850,"column":36}},"489":{"start":{"line":851,"column":0},"end":{"line":851,"column":36}},"490":{"start":{"line":852,"column":0},"end":{"line":852,"column":30}},"491":{"start":{"line":853,"column":0},"end":{"line":853,"column":38}},"492":{"start":{"line":854,"column":0},"end":{"line":854,"column":32}},"493":{"start":{"line":855,"column":0},"end":{"line":855,"column":40}},"494":{"start":{"line":856,"column":0},"end":{"line":856,"column":48}},"495":{"start":{"line":857,"column":0},"end":{"line":857,"column":40}},"496":{"start":{"line":858,"column":0},"end":{"line":858,"column":44}},"497":{"start":{"line":859,"column":0},"end":{"line":859,"column":58}},"498":{"start":{"line":860,"column":0},"end":{"line":860,"column":42}},"499":{"start":{"line":861,"column":0},"end":{"line":861,"column":32}},"500":{"start":{"line":862,"column":0},"end":{"line":862,"column":34}},"501":{"start":{"line":863,"column":0},"end":{"line":863,"column":28}},"502":{"start":{"line":864,"column":0},"end":{"line":864,"column":26}},"503":{"start":{"line":865,"column":0},"end":{"line":865,"column":42}},"504":{"start":{"line":866,"column":0},"end":{"line":866,"column":40}},"505":{"start":{"line":867,"column":0},"end":{"line":867,"column":38}},"506":{"start":{"line":868,"column":0},"end":{"line":868,"column":54}},"507":{"start":{"line":869,"column":0},"end":{"line":869,"column":32}},"508":{"start":{"line":870,"column":0},"end":{"line":870,"column":16}},"509":{"start":{"line":871,"column":0},"end":{"line":871,"column":34}}},"fnMap":{"0":{"name":"createNode","decl":{"start":{"line":11,"column":9},"end":{"line":11,"column":19}},"loc":{"start":{"line":11,"column":42},"end":{"line":13,"column":1}},"line":11},"1":{"name":"array2tree","decl":{"start":{"line":24,"column":9},"end":{"line":24,"column":19}},"loc":{"start":{"line":24,"column":41},"end":{"line":48,"column":1}},"line":24},"2":{"name":"(anonymous_2)","decl":{"start":{"line":36,"column":42},"end":{"line":36,"column":43}},"loc":{"start":{"line":36,"column":50},"end":{"line":40,"column":5}},"line":36},"3":{"name":"nodeChildFilter","decl":{"start":{"line":49,"column":9},"end":{"line":49,"column":24}},"loc":{"start":{"line":49,"column":44},"end":{"line":55,"column":1}},"line":49},"4":{"name":"tree2array","decl":{"start":{"line":66,"column":9},"end":{"line":66,"column":19}},"loc":{"start":{"line":66,"column":40},"end":{"line":90,"column":1}},"line":66},"5":{"name":"getNode","decl":{"start":{"line":77,"column":13},"end":{"line":77,"column":20}},"loc":{"start":{"line":77,"column":51},"end":{"line":86,"column":5}},"line":77},"6":{"name":"(anonymous_6)","decl":{"start":{"line":84,"column":35},"end":{"line":84,"column":36}},"loc":{"start":{"line":84,"column":50},"end":{"line":84,"column":78}},"line":84},"7":{"name":"ChinaIdCardValid","decl":{"start":{"line":95,"column":9},"end":{"line":95,"column":25}},"loc":{"start":{"line":95,"column":32},"end":{"line":120,"column":1}},"line":95},"8":{"name":"(anonymous_8)","decl":{"start":{"line":98,"column":26},"end":{"line":98,"column":27}},"loc":{"start":{"line":98,"column":32},"end":{"line":118,"column":5}},"line":98},"9":{"name":"formulaValidate","decl":{"start":{"line":122,"column":9},"end":{"line":122,"column":24}},"loc":{"start":{"line":122,"column":44},"end":{"line":155,"column":1}},"line":122},"10":{"name":"(anonymous_10)","decl":{"start":{"line":130,"column":19},"end":{"line":130,"column":20}},"loc":{"start":{"line":130,"column":25},"end":{"line":147,"column":5}},"line":130},"11":{"name":"(anonymous_11)","decl":{"start":{"line":149,"column":22},"end":{"line":149,"column":23}},"loc":{"start":{"line":149,"column":32},"end":{"line":153,"column":5}},"line":149},"12":{"name":"(anonymous_12)","decl":{"start":{"line":152,"column":27},"end":{"line":152,"column":28}},"loc":{"start":{"line":152,"column":36},"end":{"line":152,"column":79}},"line":152},"13":{"name":"mapToObject","decl":{"start":{"line":157,"column":9},"end":{"line":157,"column":20}},"loc":{"start":{"line":157,"column":72},"end":{"line":167,"column":1}},"line":157},"14":{"name":"(anonymous_14)","decl":{"start":{"line":160,"column":38},"end":{"line":160,"column":39}},"loc":{"start":{"line":160,"column":45},"end":{"line":160,"column":88}},"line":160},"15":{"name":"(anonymous_15)","decl":{"start":{"line":161,"column":31},"end":{"line":161,"column":32}},"loc":{"start":{"line":161,"column":48},"end":{"line":165,"column":9}},"line":161},"16":{"name":"(anonymous_16)","decl":{"start":{"line":168,"column":17},"end":{"line":168,"column":18}},"loc":{"start":{"line":168,"column":26},"end":{"line":168,"column":83}},"line":168},"17":{"name":"checkoutBy","decl":{"start":{"line":176,"column":9},"end":{"line":176,"column":19}},"loc":{"start":{"line":176,"column":43},"end":{"line":189,"column":1}},"line":176},"18":{"name":"(anonymous_18)","decl":{"start":{"line":181,"column":24},"end":{"line":181,"column":25}},"loc":{"start":{"line":181,"column":32},"end":{"line":181,"column":44}},"line":181},"19":{"name":"(anonymous_19)","decl":{"start":{"line":184,"column":37},"end":{"line":184,"column":38}},"loc":{"start":{"line":184,"column":45},"end":{"line":186,"column":42}},"line":184},"20":{"name":"pickRenameKeys","decl":{"start":{"line":196,"column":9},"end":{"line":196,"column":23}},"loc":{"start":{"line":196,"column":41},"end":{"line":205,"column":1}},"line":196},"21":{"name":"(anonymous_21)","decl":{"start":{"line":208,"column":22},"end":{"line":208,"column":23}},"loc":{"start":{"line":208,"column":42},"end":{"line":225,"column":1}},"line":208},"22":{"name":"byteStringify","decl":{"start":{"line":227,"column":9},"end":{"line":227,"column":22}},"loc":{"start":{"line":227,"column":41},"end":{"line":262,"column":1}},"line":227},"23":{"name":"(anonymous_23)","decl":{"start":{"line":241,"column":21},"end":{"line":241,"column":22}},"loc":{"start":{"line":241,"column":32},"end":{"line":241,"column":90}},"line":241},"24":{"name":"(anonymous_24)","decl":{"start":{"line":251,"column":21},"end":{"line":251,"column":22}},"loc":{"start":{"line":251,"column":29},"end":{"line":259,"column":9}},"line":251},"25":{"name":"byteParse","decl":{"start":{"line":264,"column":9},"end":{"line":264,"column":18}},"loc":{"start":{"line":264,"column":42},"end":{"line":265,"column":1}},"line":264},"26":{"name":"maskData","decl":{"start":{"line":277,"column":9},"end":{"line":277,"column":17}},"loc":{"start":{"line":277,"column":33},"end":{"line":309,"column":1}},"line":277},"27":{"name":"(anonymous_27)","decl":{"start":{"line":304,"column":18},"end":{"line":304,"column":19}},"loc":{"start":{"line":304,"column":33},"end":{"line":306,"column":5}},"line":304},"28":{"name":"(anonymous_28)","decl":{"start":{"line":316,"column":21},"end":{"line":316,"column":22}},"loc":{"start":{"line":316,"column":30},"end":{"line":316,"column":66}},"line":316},"29":{"name":"(anonymous_29)","decl":{"start":{"line":318,"column":21},"end":{"line":318,"column":22}},"loc":{"start":{"line":318,"column":30},"end":{"line":318,"column":66}},"line":318},"30":{"name":"(anonymous_30)","decl":{"start":{"line":321,"column":16},"end":{"line":321,"column":17}},"loc":{"start":{"line":321,"column":25},"end":{"line":324,"column":1}},"line":321},"31":{"name":"awaitWrapper","decl":{"start":{"line":330,"column":15},"end":{"line":330,"column":27}},"loc":{"start":{"line":330,"column":37},"end":{"line":338,"column":1}},"line":330},"32":{"name":"checkContext","decl":{"start":{"line":339,"column":9},"end":{"line":339,"column":21}},"loc":{"start":{"line":339,"column":31},"end":{"line":349,"column":1}},"line":339},"33":{"name":"(anonymous_33)","decl":{"start":{"line":350,"column":21},"end":{"line":350,"column":22}},"loc":{"start":{"line":350,"column":27},"end":{"line":364,"column":1}},"line":350},"34":{"name":"(anonymous_34)","decl":{"start":{"line":353,"column":8},"end":{"line":353,"column":9}},"loc":{"start":{"line":353,"column":22},"end":{"line":360,"column":9}},"line":353},"35":{"name":"(anonymous_35)","decl":{"start":{"line":361,"column":15},"end":{"line":361,"column":16}},"loc":{"start":{"line":361,"column":31},"end":{"line":361,"column":33}},"line":361},"36":{"name":"(anonymous_36)","decl":{"start":{"line":362,"column":17},"end":{"line":362,"column":18}},"loc":{"start":{"line":362,"column":23},"end":{"line":362,"column":25}},"line":362},"37":{"name":"wrapPromise","decl":{"start":{"line":366,"column":9},"end":{"line":366,"column":20}},"loc":{"start":{"line":366,"column":45},"end":{"line":479,"column":1}},"line":366},"38":{"name":"(anonymous_38)","decl":{"start":{"line":378,"column":16},"end":{"line":378,"column":17}},"loc":{"start":{"line":378,"column":30},"end":{"line":378,"column":68}},"line":378},"39":{"name":"(anonymous_39)","decl":{"start":{"line":379,"column":18},"end":{"line":379,"column":19}},"loc":{"start":{"line":379,"column":27},"end":{"line":379,"column":52}},"line":379},"40":{"name":"(anonymous_40)","decl":{"start":{"line":380,"column":21},"end":{"line":380,"column":22}},"loc":{"start":{"line":380,"column":36},"end":{"line":395,"column":5}},"line":380},"41":{"name":"(anonymous_41)","decl":{"start":{"line":396,"column":21},"end":{"line":396,"column":22}},"loc":{"start":{"line":396,"column":43},"end":{"line":423,"column":5}},"line":396},"42":{"name":"(anonymous_42)","decl":{"start":{"line":400,"column":23},"end":{"line":400,"column":24}},"loc":{"start":{"line":400,"column":40},"end":{"line":400,"column":57}},"line":400},"43":{"name":"(anonymous_43)","decl":{"start":{"line":424,"column":22},"end":{"line":424,"column":23}},"loc":{"start":{"line":424,"column":32},"end":{"line":434,"column":5}},"line":424},"44":{"name":"(anonymous_44)","decl":{"start":{"line":435,"column":22},"end":{"line":435,"column":23}},"loc":{"start":{"line":435,"column":28},"end":{"line":442,"column":5}},"line":435},"45":{"name":"(anonymous_45)","decl":{"start":{"line":444,"column":28},"end":{"line":444,"column":29}},"loc":{"start":{"line":444,"column":37},"end":{"line":444,"column":75}},"line":444},"46":{"name":"(anonymous_46)","decl":{"start":{"line":468,"column":19},"end":{"line":468,"column":20}},"loc":{"start":{"line":468,"column":25},"end":{"line":468,"column":41}},"line":468},"47":{"name":"(anonymous_47)","decl":{"start":{"line":471,"column":32},"end":{"line":471,"column":33}},"loc":{"start":{"line":471,"column":41},"end":{"line":471,"column":53}},"line":471},"48":{"name":"(anonymous_48)","decl":{"start":{"line":480,"column":72},"end":{"line":480,"column":73}},"loc":{"start":{"line":480,"column":81},"end":{"line":480,"column":93}},"line":480},"49":{"name":"(anonymous_49)","decl":{"start":{"line":482,"column":4},"end":{"line":482,"column":5}},"loc":{"start":{"line":482,"column":35},"end":{"line":489,"column":5}},"line":482},"50":{"name":"safeJsonParse","decl":{"start":{"line":492,"column":9},"end":{"line":492,"column":22}},"loc":{"start":{"line":492,"column":46},"end":{"line":499,"column":1}},"line":492},"51":{"name":"(anonymous_51)","decl":{"start":{"line":503,"column":19},"end":{"line":503,"column":20}},"loc":{"start":{"line":503,"column":30},"end":{"line":503,"column":83}},"line":503},"52":{"name":"(anonymous_52)","decl":{"start":{"line":510,"column":23},"end":{"line":510,"column":24}},"loc":{"start":{"line":510,"column":38},"end":{"line":519,"column":1}},"line":510},"53":{"name":"(anonymous_53)","decl":{"start":{"line":512,"column":29},"end":{"line":512,"column":30}},"loc":{"start":{"line":512,"column":36},"end":{"line":517,"column":5}},"line":512},"54":{"name":"(anonymous_54)","decl":{"start":{"line":526,"column":30},"end":{"line":526,"column":31}},"loc":{"start":{"line":526,"column":40},"end":{"line":539,"column":1}},"line":526},"55":{"name":"(anonymous_55)","decl":{"start":{"line":534,"column":34},"end":{"line":534,"column":35}},"loc":{"start":{"line":534,"column":43},"end":{"line":536,"column":9}},"line":534},"56":{"name":"(anonymous_56)","decl":{"start":{"line":546,"column":25},"end":{"line":546,"column":26}},"loc":{"start":{"line":546,"column":54},"end":{"line":594,"column":1}},"line":546},"57":{"name":"(anonymous_57)","decl":{"start":{"line":550,"column":34},"end":{"line":550,"column":35}},"loc":{"start":{"line":550,"column":41},"end":{"line":557,"column":5}},"line":550},"58":{"name":"(anonymous_58)","decl":{"start":{"line":564,"column":41},"end":{"line":564,"column":42}},"loc":{"start":{"line":564,"column":55},"end":{"line":588,"column":5}},"line":564},"59":{"name":"(anonymous_59)","decl":{"start":{"line":596,"column":32},"end":{"line":596,"column":33}},"loc":{"start":{"line":596,"column":48},"end":{"line":596,"column":137}},"line":596},"60":{"name":"(anonymous_60)","decl":{"start":{"line":596,"column":48},"end":{"line":596,"column":49}},"loc":{"start":{"line":596,"column":77},"end":{"line":596,"column":137}},"line":596},"61":{"name":"(anonymous_61)","decl":{"start":{"line":598,"column":14},"end":{"line":598,"column":15}},"loc":{"start":{"line":598,"column":23},"end":{"line":598,"column":46}},"line":598},"62":{"name":"eventTargetEmitter","decl":{"start":{"line":605,"column":9},"end":{"line":605,"column":27}},"loc":{"start":{"line":605,"column":37},"end":{"line":710,"column":1}},"line":605},"63":{"name":"(anonymous_63)","decl":{"start":{"line":610,"column":28},"end":{"line":610,"column":29}},"loc":{"start":{"line":610,"column":51},"end":{"line":617,"column":5}},"line":610},"64":{"name":"(anonymous_64)","decl":{"start":{"line":618,"column":27},"end":{"line":618,"column":28}},"loc":{"start":{"line":618,"column":40},"end":{"line":638,"column":5}},"line":618},"65":{"name":"(anonymous_65)","decl":{"start":{"line":622,"column":29},"end":{"line":622,"column":30}},"loc":{"start":{"line":622,"column":45},"end":{"line":629,"column":13}},"line":622},"66":{"name":"(anonymous_66)","decl":{"start":{"line":631,"column":39},"end":{"line":631,"column":40}},"loc":{"start":{"line":631,"column":51},"end":{"line":631,"column":82}},"line":631},"67":{"name":"(anonymous_67)","decl":{"start":{"line":636,"column":38},"end":{"line":636,"column":39}},"loc":{"start":{"line":636,"column":50},"end":{"line":636,"column":90}},"line":636},"68":{"name":"(anonymous_68)","decl":{"start":{"line":640,"column":30},"end":{"line":640,"column":31}},"loc":{"start":{"line":640,"column":51},"end":{"line":643,"column":5}},"line":640},"69":{"name":"(anonymous_69)","decl":{"start":{"line":644,"column":15},"end":{"line":644,"column":16}},"loc":{"start":{"line":644,"column":46},"end":{"line":654,"column":5}},"line":644},"70":{"name":"(anonymous_70)","decl":{"start":{"line":655,"column":16},"end":{"line":655,"column":17}},"loc":{"start":{"line":655,"column":47},"end":{"line":674,"column":5}},"line":655},"71":{"name":"(anonymous_71)","decl":{"start":{"line":661,"column":29},"end":{"line":661,"column":30}},"loc":{"start":{"line":661,"column":46},"end":{"line":665,"column":13}},"line":661},"72":{"name":"(anonymous_72)","decl":{"start":{"line":675,"column":31},"end":{"line":675,"column":32}},"loc":{"start":{"line":675,"column":37},"end":{"line":677,"column":5}},"line":675},"73":{"name":"(anonymous_73)","decl":{"start":{"line":678,"column":26},"end":{"line":678,"column":27}},"loc":{"start":{"line":678,"column":61},"end":{"line":685,"column":5}},"line":678},"74":{"name":"(anonymous_74)","decl":{"start":{"line":686,"column":17},"end":{"line":686,"column":18}},"loc":{"start":{"line":686,"column":30},"end":{"line":689,"column":5}},"line":686},"75":{"name":"(anonymous_75)","decl":{"start":{"line":691,"column":27},"end":{"line":691,"column":28}},"loc":{"start":{"line":691,"column":36},"end":{"line":700,"column":5}},"line":691},"76":{"name":"(anonymous_76)","decl":{"start":{"line":694,"column":29},"end":{"line":694,"column":30}},"loc":{"start":{"line":694,"column":42},"end":{"line":694,"column":91}},"line":694},"77":{"name":"(anonymous_77)","decl":{"start":{"line":698,"column":25},"end":{"line":698,"column":26}},"loc":{"start":{"line":698,"column":38},"end":{"line":698,"column":68}},"line":698},"78":{"name":"(anonymous_78)","decl":{"start":{"line":701,"column":25},"end":{"line":701,"column":26}},"loc":{"start":{"line":701,"column":46},"end":{"line":708,"column":5}},"line":701},"79":{"name":"pageCommunicate","decl":{"start":{"line":717,"column":9},"end":{"line":717,"column":24}},"loc":{"start":{"line":717,"column":34},"end":{"line":757,"column":1}},"line":717},"80":{"name":"(anonymous_80)","decl":{"start":{"line":720,"column":22},"end":{"line":720,"column":23}},"loc":{"start":{"line":720,"column":33},"end":{"line":720,"column":49}},"line":720},"81":{"name":"(anonymous_81)","decl":{"start":{"line":729,"column":33},"end":{"line":729,"column":34}},"loc":{"start":{"line":729,"column":39},"end":{"line":734,"column":9}},"line":729},"82":{"name":"(anonymous_82)","decl":{"start":{"line":737,"column":17},"end":{"line":737,"column":18}},"loc":{"start":{"line":737,"column":30},"end":{"line":746,"column":5}},"line":737},"83":{"name":"(anonymous_83)","decl":{"start":{"line":747,"column":20},"end":{"line":747,"column":21}},"loc":{"start":{"line":747,"column":26},"end":{"line":755,"column":5}},"line":747},"84":{"name":"(anonymous_84)","decl":{"start":{"line":771,"column":23},"end":{"line":771,"column":24}},"loc":{"start":{"line":771,"column":29},"end":{"line":844,"column":1}},"line":771},"85":{"name":"(anonymous_85)","decl":{"start":{"line":782,"column":25},"end":{"line":782,"column":26}},"loc":{"start":{"line":782,"column":35},"end":{"line":813,"column":5}},"line":782},"86":{"name":"(anonymous_86)","decl":{"start":{"line":787,"column":33},"end":{"line":787,"column":34}},"loc":{"start":{"line":787,"column":43},"end":{"line":787,"column":58}},"line":787},"87":{"name":"(anonymous_87)","decl":{"start":{"line":790,"column":22},"end":{"line":790,"column":23}},"loc":{"start":{"line":790,"column":32},"end":{"line":811,"column":9}},"line":790},"88":{"name":"(anonymous_88)","decl":{"start":{"line":815,"column":18},"end":{"line":815,"column":19}},"loc":{"start":{"line":815,"column":24},"end":{"line":817,"column":5}},"line":815},"89":{"name":"(anonymous_89)","decl":{"start":{"line":819,"column":17},"end":{"line":819,"column":18}},"loc":{"start":{"line":819,"column":23},"end":{"line":821,"column":5}},"line":819},"90":{"name":"(anonymous_90)","decl":{"start":{"line":823,"column":24},"end":{"line":823,"column":25}},"loc":{"start":{"line":823,"column":30},"end":{"line":826,"column":5}},"line":823},"91":{"name":"(anonymous_91)","decl":{"start":{"line":833,"column":20},"end":{"line":833,"column":21}},"loc":{"start":{"line":833,"column":53},"end":{"line":835,"column":5}},"line":833},"92":{"name":"(anonymous_92)","decl":{"start":{"line":840,"column":23},"end":{"line":840,"column":24}},"loc":{"start":{"line":840,"column":37},"end":{"line":842,"column":5}},"line":840},"93":{"name":"(anonymous_93)","decl":{"start":{"line":841,"column":29},"end":{"line":841,"column":30}},"loc":{"start":{"line":841,"column":39},"end":{"line":841,"column":65}},"line":841}},"branchMap":{"0":{"loc":{"start":{"line":11,"column":30},"end":{"line":11,"column":40}},"type":"default-arg","locations":[{"start":{"line":11,"column":38},"end":{"line":11,"column":40}}],"line":11},"1":{"loc":{"start":{"line":24,"column":27},"end":{"line":24,"column":39}},"type":"default-arg","locations":[{"start":{"line":24,"column":37},"end":{"line":24,"column":39}}],"line":24},"2":{"loc":{"start":{"line":33,"column":20},"end":{"line":33,"column":97}},"type":"binary-expr","locations":[{"start":{"line":33,"column":20},"end":{"line":33,"column":32}},{"start":{"line":33,"column":37},"end":{"line":33,"column":96}}],"line":33},"3":{"loc":{"start":{"line":33,"column":37},"end":{"line":33,"column":96}},"type":"cond-expr","locations":[{"start":{"line":33,"column":72},"end":{"line":33,"column":84}},{"start":{"line":33,"column":87},"end":{"line":33,"column":96}}],"line":33},"4":{"loc":{"start":{"line":36,"column":4},"end":{"line":40,"column":6}},"type":"binary-expr","locations":[{"start":{"line":36,"column":4},"end":{"line":36,"column":24}},{"start":{"line":36,"column":28},"end":{"line":40,"column":6}}],"line":36},"5":{"loc":{"start":{"line":37,"column":8},"end":{"line":37,"column":120}},"type":"binary-expr","locations":[{"start":{"line":37,"column":8},"end":{"line":37,"column":49}},{"start":{"line":37,"column":54},"end":{"line":37,"column":119}}],"line":37},"6":{"loc":{"start":{"line":38,"column":8},"end":{"line":38,"column":170}},"type":"binary-expr","locations":[{"start":{"line":38,"column":8},"end":{"line":38,"column":49}},{"start":{"line":38,"column":53},"end":{"line":38,"column":170}}],"line":38},"7":{"loc":{"start":{"line":38,"column":120},"end":{"line":38,"column":168}},"type":"cond-expr","locations":[{"start":{"line":38,"column":130},"end":{"line":38,"column":163}},{"start":{"line":38,"column":166},"end":{"line":38,"column":168}}],"line":38},"8":{"loc":{"start":{"line":39,"column":8},"end":{"line":39,"column":55}},"type":"binary-expr","locations":[{"start":{"line":39,"column":8},"end":{"line":39,"column":18}},{"start":{"line":39,"column":22},"end":{"line":39,"column":55}}],"line":39},"9":{"loc":{"start":{"line":41,"column":4},"end":{"line":46,"column":5}},"type":"if","locations":[{"start":{"line":41,"column":4},"end":{"line":46,"column":5}},{"start":{"line":41,"column":4},"end":{"line":46,"column":5}}],"line":41},"10":{"loc":{"start":{"line":44,"column":9},"end":{"line":46,"column":5}},"type":"if","locations":[{"start":{"line":44,"column":9},"end":{"line":46,"column":5}},{"start":{"line":44,"column":9},"end":{"line":46,"column":5}}],"line":44},"11":{"loc":{"start":{"line":52,"column":8},"end":{"line":52,"column":51}},"type":"binary-expr","locations":[{"start":{"line":52,"column":8},"end":{"line":52,"column":25}},{"start":{"line":52,"column":30},"end":{"line":52,"column":50}}],"line":52},"12":{"loc":{"start":{"line":66,"column":26},"end":{"line":66,"column":38}},"type":"default-arg","locations":[{"start":{"line":66,"column":36},"end":{"line":66,"column":38}}],"line":66},"13":{"loc":{"start":{"line":74,"column":16},"end":{"line":74,"column":38}},"type":"cond-expr","locations":[{"start":{"line":74,"column":31},"end":{"line":74,"column":33}},{"start":{"line":74,"column":36},"end":{"line":74,"column":38}}],"line":74},"14":{"loc":{"start":{"line":75,"column":4},"end":{"line":76,"column":21}},"type":"if","locations":[{"start":{"line":75,"column":4},"end":{"line":76,"column":21}},{"start":{"line":75,"column":4},"end":{"line":76,"column":21}}],"line":75},"15":{"loc":{"start":{"line":75,"column":8},"end":{"line":75,"column":56}},"type":"binary-expr","locations":[{"start":{"line":75,"column":8},"end":{"line":75,"column":28}},{"start":{"line":75,"column":32},"end":{"line":75,"column":56}}],"line":75},"16":{"loc":{"start":{"line":77,"column":37},"end":{"line":77,"column":49}},"type":"default-arg","locations":[{"start":{"line":77,"column":44},"end":{"line":77,"column":49}}],"line":77},"17":{"loc":{"start":{"line":78,"column":23},"end":{"line":78,"column":62}},"type":"cond-expr","locations":[{"start":{"line":78,"column":38},"end":{"line":78,"column":40}},{"start":{"line":78,"column":43},"end":{"line":78,"column":62}}],"line":78},"18":{"loc":{"start":{"line":79,"column":8},"end":{"line":82,"column":9}},"type":"if","locations":[{"start":{"line":79,"column":8},"end":{"line":82,"column":9}},{"start":{"line":79,"column":8},"end":{"line":82,"column":9}}],"line":79},"19":{"loc":{"start":{"line":81,"column":12},"end":{"line":81,"column":76}},"type":"cond-expr","locations":[{"start":{"line":81,"column":28},"end":{"line":81,"column":53}},{"start":{"line":81,"column":57},"end":{"line":81,"column":76}}],"line":81},"20":{"loc":{"start":{"line":83,"column":8},"end":{"line":85,"column":9}},"type":"if","locations":[{"start":{"line":83,"column":8},"end":{"line":85,"column":9}},{"start":{"line":83,"column":8},"end":{"line":85,"column":9}}],"line":83},"21":{"loc":{"start":{"line":83,"column":12},"end":{"line":83,"column":66}},"type":"binary-expr","locations":[{"start":{"line":83,"column":12},"end":{"line":83,"column":41}},{"start":{"line":83,"column":45},"end":{"line":83,"column":66}}],"line":83},"22":{"loc":{"start":{"line":87,"column":21},"end":{"line":87,"column":76}},"type":"cond-expr","locations":[{"start":{"line":87,"column":43},"end":{"line":87,"column":69}},{"start":{"line":87,"column":72},"end":{"line":87,"column":76}}],"line":87},"23":{"loc":{"start":{"line":99,"column":8},"end":{"line":116,"column":9}},"type":"if","locations":[{"start":{"line":99,"column":8},"end":{"line":116,"column":9}},{"start":{"line":99,"column":8},"end":{"line":116,"column":9}}],"line":99},"24":{"loc":{"start":{"line":119,"column":11},"end":{"line":119,"column":99}},"type":"binary-expr","locations":[{"start":{"line":119,"column":11},"end":{"line":119,"column":35}},{"start":{"line":119,"column":39},"end":{"line":119,"column":80}},{"start":{"line":119,"column":84},"end":{"line":119,"column":99}}],"line":119},"25":{"loc":{"start":{"line":134,"column":12},"end":{"line":144,"column":13}},"type":"if","locations":[{"start":{"line":134,"column":12},"end":{"line":144,"column":13}},{"start":{"line":134,"column":12},"end":{"line":144,"column":13}}],"line":134},"26":{"loc":{"start":{"line":137,"column":17},"end":{"line":144,"column":13}},"type":"if","locations":[{"start":{"line":137,"column":17},"end":{"line":144,"column":13}},{"start":{"line":137,"column":17},"end":{"line":144,"column":13}}],"line":137},"27":{"loc":{"start":{"line":138,"column":16},"end":{"line":143,"column":17}},"type":"if","locations":[{"start":{"line":138,"column":16},"end":{"line":143,"column":17}},{"start":{"line":138,"column":16},"end":{"line":143,"column":17}}],"line":138},"28":{"loc":{"start":{"line":152,"column":36},"end":{"line":152,"column":79}},"type":"binary-expr","locations":[{"start":{"line":152,"column":36},"end":{"line":152,"column":56}},{"start":{"line":152,"column":60},"end":{"line":152,"column":79}}],"line":152},"29":{"loc":{"start":{"line":154,"column":11},"end":{"line":154,"column":197}},"type":"binary-expr","locations":[{"start":{"line":154,"column":11},"end":{"line":154,"column":27}},{"start":{"line":154,"column":31},"end":{"line":154,"column":47}},{"start":{"line":154,"column":51},"end":{"line":154,"column":67}},{"start":{"line":154,"column":71},"end":{"line":154,"column":87}},{"start":{"line":154,"column":91},"end":{"line":154,"column":108}},{"start":{"line":154,"column":112},"end":{"line":154,"column":130}},{"start":{"line":154,"column":134},"end":{"line":154,"column":142}},{"start":{"line":154,"column":147},"end":{"line":154,"column":172}},{"start":{"line":154,"column":176},"end":{"line":154,"column":196}}],"line":154},"30":{"loc":{"start":{"line":157,"column":34},"end":{"line":157,"column":49}},"type":"default-arg","locations":[{"start":{"line":157,"column":44},"end":{"line":157,"column":49}}],"line":157},"31":{"loc":{"start":{"line":157,"column":51},"end":{"line":157,"column":70}},"type":"default-arg","locations":[{"start":{"line":157,"column":63},"end":{"line":157,"column":70}}],"line":157},"32":{"loc":{"start":{"line":159,"column":4},"end":{"line":165,"column":10}},"type":"binary-expr","locations":[{"start":{"line":159,"column":4},"end":{"line":159,"column":30}},{"start":{"line":159,"column":34},"end":{"line":159,"column":41}},{"start":{"line":159,"column":45},"end":{"line":159,"column":54}},{"start":{"line":160,"column":11},"end":{"line":160,"column":89}},{"start":{"line":161,"column":11},"end":{"line":165,"column":10}}],"line":159},"33":{"loc":{"start":{"line":162,"column":24},"end":{"line":162,"column":90}},"type":"cond-expr","locations":[{"start":{"line":162,"column":54},"end":{"line":162,"column":67}},{"start":{"line":162,"column":70},"end":{"line":162,"column":90}}],"line":162},"34":{"loc":{"start":{"line":163,"column":26},"end":{"line":163,"column":98}},"type":"cond-expr","locations":[{"start":{"line":163,"column":58},"end":{"line":163,"column":73}},{"start":{"line":163,"column":76},"end":{"line":163,"column":98}}],"line":163},"35":{"loc":{"start":{"line":164,"column":12},"end":{"line":164,"column":78}},"type":"binary-expr","locations":[{"start":{"line":164,"column":12},"end":{"line":164,"column":53}},{"start":{"line":164,"column":58},"end":{"line":164,"column":77}}],"line":164},"36":{"loc":{"start":{"line":177,"column":4},"end":{"line":179,"column":5}},"type":"if","locations":[{"start":{"line":177,"column":4},"end":{"line":179,"column":5}},{"start":{"line":177,"column":4},"end":{"line":179,"column":5}}],"line":177},"37":{"loc":{"start":{"line":180,"column":4},"end":{"line":187,"column":5}},"type":"if","locations":[{"start":{"line":180,"column":4},"end":{"line":187,"column":5}},{"start":{"line":180,"column":4},"end":{"line":187,"column":5}}],"line":180},"38":{"loc":{"start":{"line":183,"column":9},"end":{"line":187,"column":5}},"type":"if","locations":[{"start":{"line":183,"column":9},"end":{"line":187,"column":5}},{"start":{"line":183,"column":9},"end":{"line":187,"column":5}}],"line":183},"39":{"loc":{"start":{"line":183,"column":13},"end":{"line":183,"column":35}},"type":"binary-expr","locations":[{"start":{"line":183,"column":13},"end":{"line":183,"column":17}},{"start":{"line":183,"column":21},"end":{"line":183,"column":35}}],"line":183},"40":{"loc":{"start":{"line":184,"column":45},"end":{"line":186,"column":42}},"type":"cond-expr","locations":[{"start":{"line":185,"column":15},"end":{"line":185,"column":112}},{"start":{"line":186,"column":15},"end":{"line":186,"column":41}}],"line":184},"41":{"loc":{"start":{"line":184,"column":46},"end":{"line":184,"column":92}},"type":"binary-expr","locations":[{"start":{"line":184,"column":46},"end":{"line":184,"column":68}},{"start":{"line":184,"column":72},"end":{"line":184,"column":92}}],"line":184},"42":{"loc":{"start":{"line":185,"column":15},"end":{"line":185,"column":112}},"type":"cond-expr","locations":[{"start":{"line":185,"column":25},"end":{"line":185,"column":66}},{"start":{"line":185,"column":69},"end":{"line":185,"column":112}}],"line":185},"43":{"loc":{"start":{"line":186,"column":15},"end":{"line":186,"column":41}},"type":"binary-expr","locations":[{"start":{"line":186,"column":15},"end":{"line":186,"column":25}},{"start":{"line":186,"column":29},"end":{"line":186,"column":41}}],"line":186},"44":{"loc":{"start":{"line":197,"column":4},"end":{"line":199,"column":5}},"type":"if","locations":[{"start":{"line":197,"column":4},"end":{"line":199,"column":5}},{"start":{"line":197,"column":4},"end":{"line":199,"column":5}}],"line":197},"45":{"loc":{"start":{"line":197,"column":8},"end":{"line":197,"column":70}},"type":"binary-expr","locations":[{"start":{"line":197,"column":8},"end":{"line":197,"column":15}},{"start":{"line":197,"column":19},"end":{"line":197,"column":36}},{"start":{"line":197,"column":40},"end":{"line":197,"column":48}},{"start":{"line":197,"column":52},"end":{"line":197,"column":70}}],"line":197},"46":{"loc":{"start":{"line":202,"column":8},"end":{"line":202,"column":58}},"type":"binary-expr","locations":[{"start":{"line":202,"column":9},"end":{"line":202,"column":21}},{"start":{"line":202,"column":27},"end":{"line":202,"column":57}}],"line":202},"47":{"loc":{"start":{"line":222,"column":14},"end":{"line":222,"column":55}},"type":"binary-expr","locations":[{"start":{"line":222,"column":14},"end":{"line":222,"column":33}},{"start":{"line":222,"column":37},"end":{"line":222,"column":55}}],"line":222},"48":{"loc":{"start":{"line":223,"column":17},"end":{"line":223,"column":56}},"type":"binary-expr","locations":[{"start":{"line":223,"column":17},"end":{"line":223,"column":30}},{"start":{"line":223,"column":34},"end":{"line":223,"column":56}}],"line":223},"49":{"loc":{"start":{"line":236,"column":4},"end":{"line":237,"column":15}},"type":"if","locations":[{"start":{"line":236,"column":4},"end":{"line":237,"column":15}},{"start":{"line":236,"column":4},"end":{"line":237,"column":15}}],"line":236},"50":{"loc":{"start":{"line":238,"column":21},"end":{"line":238,"column":44}},"type":"cond-expr","locations":[{"start":{"line":238,"column":38},"end":{"line":238,"column":40}},{"start":{"line":238,"column":43},"end":{"line":238,"column":44}}],"line":238},"51":{"loc":{"start":{"line":241,"column":32},"end":{"line":241,"column":90}},"type":"cond-expr","locations":[{"start":{"line":241,"column":58},"end":{"line":241,"column":63}},{"start":{"line":241,"column":66},"end":{"line":241,"column":90}}],"line":241},"52":{"loc":{"start":{"line":244,"column":4},"end":{"line":260,"column":5}},"type":"if","locations":[{"start":{"line":244,"column":4},"end":{"line":260,"column":5}},{"start":{"line":244,"column":4},"end":{"line":260,"column":5}}],"line":244},"53":{"loc":{"start":{"line":254,"column":12},"end":{"line":255,"column":29}},"type":"if","locations":[{"start":{"line":254,"column":12},"end":{"line":255,"column":29}},{"start":{"line":254,"column":12},"end":{"line":255,"column":29}}],"line":254},"54":{"loc":{"start":{"line":261,"column":11},"end":{"line":261,"column":81}},"type":"cond-expr","locations":[{"start":{"line":261,"column":20},"end":{"line":261,"column":54}},{"start":{"line":261,"column":57},"end":{"line":261,"column":81}}],"line":261},"55":{"loc":{"start":{"line":264,"column":28},"end":{"line":264,"column":40}},"type":"default-arg","locations":[{"start":{"line":264,"column":38},"end":{"line":264,"column":40}}],"line":264},"56":{"loc":{"start":{"line":278,"column":4},"end":{"line":280,"column":5}},"type":"if","locations":[{"start":{"line":278,"column":4},"end":{"line":280,"column":5}},{"start":{"line":278,"column":4},"end":{"line":280,"column":5}}],"line":278},"57":{"loc":{"start":{"line":278,"column":8},"end":{"line":278,"column":41}},"type":"binary-expr","locations":[{"start":{"line":278,"column":8},"end":{"line":278,"column":32}},{"start":{"line":278,"column":36},"end":{"line":278,"column":41}}],"line":278},"58":{"loc":{"start":{"line":281,"column":21},"end":{"line":281,"column":104}},"type":"cond-expr","locations":[{"start":{"line":281,"column":75},"end":{"line":281,"column":99}},{"start":{"line":281,"column":102},"end":{"line":281,"column":104}}],"line":281},"59":{"loc":{"start":{"line":281,"column":21},"end":{"line":281,"column":72}},"type":"binary-expr","locations":[{"start":{"line":281,"column":21},"end":{"line":281,"column":28}},{"start":{"line":281,"column":32},"end":{"line":281,"column":44}},{"start":{"line":281,"column":48},"end":{"line":281,"column":72}}],"line":281},"60":{"loc":{"start":{"line":282,"column":38},"end":{"line":282,"column":47}},"type":"default-arg","locations":[{"start":{"line":282,"column":46},"end":{"line":282,"column":47}}],"line":282},"61":{"loc":{"start":{"line":286,"column":27},"end":{"line":286,"column":67}},"type":"cond-expr","locations":[{"start":{"line":286,"column":39},"end":{"line":286,"column":62}},{"start":{"line":286,"column":65},"end":{"line":286,"column":67}}],"line":286},"62":{"loc":{"start":{"line":287,"column":4},"end":{"line":291,"column":5}},"type":"if","locations":[{"start":{"line":287,"column":4},"end":{"line":291,"column":5}},{"start":{"line":287,"column":4},"end":{"line":291,"column":5}}],"line":287},"63":{"loc":{"start":{"line":292,"column":25},"end":{"line":292,"column":67}},"type":"cond-expr","locations":[{"start":{"line":292,"column":36},"end":{"line":292,"column":62}},{"start":{"line":292,"column":65},"end":{"line":292,"column":67}}],"line":292},"64":{"loc":{"start":{"line":293,"column":4},"end":{"line":296,"column":5}},"type":"if","locations":[{"start":{"line":293,"column":4},"end":{"line":296,"column":5}},{"start":{"line":293,"column":4},"end":{"line":296,"column":5}}],"line":293},"65":{"loc":{"start":{"line":300,"column":20},"end":{"line":300,"column":56}},"type":"cond-expr","locations":[{"start":{"line":300,"column":33},"end":{"line":300,"column":38}},{"start":{"line":300,"column":41},"end":{"line":300,"column":56}}],"line":300},"66":{"loc":{"start":{"line":300,"column":58},"end":{"line":300,"column":124}},"type":"cond-expr","locations":[{"start":{"line":300,"column":79},"end":{"line":300,"column":109}},{"start":{"line":300,"column":113},"end":{"line":300,"column":124}}],"line":300},"67":{"loc":{"start":{"line":300,"column":79},"end":{"line":300,"column":109}},"type":"cond-expr","locations":[{"start":{"line":300,"column":90},"end":{"line":300,"column":93}},{"start":{"line":300,"column":96},"end":{"line":300,"column":109}}],"line":300},"68":{"loc":{"start":{"line":302,"column":13},"end":{"line":302,"column":66}},"type":"cond-expr","locations":[{"start":{"line":302,"column":46},"end":{"line":302,"column":52}},{"start":{"line":302,"column":55},"end":{"line":302,"column":66}}],"line":302},"69":{"loc":{"start":{"line":302,"column":13},"end":{"line":302,"column":43}},"type":"binary-expr","locations":[{"start":{"line":302,"column":13},"end":{"line":302,"column":23}},{"start":{"line":302,"column":27},"end":{"line":302,"column":43}}],"line":302},"70":{"loc":{"start":{"line":303,"column":15},"end":{"line":303,"column":65}},"type":"cond-expr","locations":[{"start":{"line":303,"column":53},"end":{"line":303,"column":61}},{"start":{"line":303,"column":64},"end":{"line":303,"column":65}}],"line":303},"71":{"loc":{"start":{"line":303,"column":15},"end":{"line":303,"column":50}},"type":"binary-expr","locations":[{"start":{"line":303,"column":15},"end":{"line":303,"column":28}},{"start":{"line":303,"column":32},"end":{"line":303,"column":50}}],"line":303},"72":{"loc":{"start":{"line":305,"column":22},"end":{"line":305,"column":72}},"type":"cond-expr","locations":[{"start":{"line":305,"column":57},"end":{"line":305,"column":65}},{"start":{"line":305,"column":68},"end":{"line":305,"column":72}}],"line":305},"73":{"loc":{"start":{"line":305,"column":22},"end":{"line":305,"column":54}},"type":"binary-expr","locations":[{"start":{"line":305,"column":22},"end":{"line":305,"column":37}},{"start":{"line":305,"column":41},"end":{"line":305,"column":54}}],"line":305},"74":{"loc":{"start":{"line":323,"column":11},"end":{"line":323,"column":38}},"type":"cond-expr","locations":[{"start":{"line":323,"column":22},"end":{"line":323,"column":33}},{"start":{"line":323,"column":36},"end":{"line":323,"column":38}}],"line":323},"75":{"loc":{"start":{"line":340,"column":4},"end":{"line":341,"column":25}},"type":"if","locations":[{"start":{"line":340,"column":4},"end":{"line":341,"column":25}},{"start":{"line":340,"column":4},"end":{"line":341,"column":25}}],"line":340},"76":{"loc":{"start":{"line":342,"column":4},"end":{"line":347,"column":5}},"type":"if","locations":[{"start":{"line":342,"column":4},"end":{"line":347,"column":5}},{"start":{"line":342,"column":4},"end":{"line":347,"column":5}}],"line":342},"77":{"loc":{"start":{"line":342,"column":8},"end":{"line":342,"column":56}},"type":"binary-expr","locations":[{"start":{"line":342,"column":8},"end":{"line":342,"column":22}},{"start":{"line":342,"column":27},"end":{"line":342,"column":36}},{"start":{"line":342,"column":40},"end":{"line":342,"column":55}}],"line":342},"78":{"loc":{"start":{"line":345,"column":9},"end":{"line":347,"column":5}},"type":"if","locations":[{"start":{"line":345,"column":9},"end":{"line":347,"column":5}},{"start":{"line":345,"column":9},"end":{"line":347,"column":5}}],"line":345},"79":{"loc":{"start":{"line":356,"column":12},"end":{"line":358,"column":13}},"type":"if","locations":[{"start":{"line":356,"column":12},"end":{"line":358,"column":13}},{"start":{"line":356,"column":12},"end":{"line":358,"column":13}}],"line":356},"80":{"loc":{"start":{"line":356,"column":16},"end":{"line":356,"column":70}},"type":"binary-expr","locations":[{"start":{"line":356,"column":16},"end":{"line":356,"column":33}},{"start":{"line":356,"column":37},"end":{"line":356,"column":70}}],"line":356},"81":{"loc":{"start":{"line":369,"column":20},"end":{"line":369,"column":50}},"type":"cond-expr","locations":[{"start":{"line":369,"column":36},"end":{"line":369,"column":40}},{"start":{"line":369,"column":43},"end":{"line":369,"column":50}}],"line":369},"82":{"loc":{"start":{"line":370,"column":21},"end":{"line":370,"column":59}},"type":"cond-expr","locations":[{"start":{"line":370,"column":47},"end":{"line":370,"column":54}},{"start":{"line":370,"column":57},"end":{"line":370,"column":59}}],"line":370},"83":{"loc":{"start":{"line":371,"column":25},"end":{"line":371,"column":63}},"type":"cond-expr","locations":[{"start":{"line":371,"column":36},"end":{"line":371,"column":53}},{"start":{"line":371,"column":56},"end":{"line":371,"column":63}}],"line":371},"84":{"loc":{"start":{"line":372,"column":56},"end":{"line":372,"column":139}},"type":"cond-expr","locations":[{"start":{"line":372,"column":93},"end":{"line":372,"column":116}},{"start":{"line":372,"column":119},"end":{"line":372,"column":139}}],"line":372},"85":{"loc":{"start":{"line":378,"column":30},"end":{"line":378,"column":68}},"type":"binary-expr","locations":[{"start":{"line":378,"column":30},"end":{"line":378,"column":35}},{"start":{"line":378,"column":39},"end":{"line":378,"column":68}}],"line":378},"86":{"loc":{"start":{"line":382,"column":8},"end":{"line":393,"column":9}},"type":"if","locations":[{"start":{"line":382,"column":8},"end":{"line":393,"column":9}},{"start":{"line":382,"column":8},"end":{"line":393,"column":9}}],"line":382},"87":{"loc":{"start":{"line":382,"column":12},"end":{"line":382,"column":67}},"type":"binary-expr","locations":[{"start":{"line":382,"column":12},"end":{"line":382,"column":15}},{"start":{"line":382,"column":19},"end":{"line":382,"column":29}},{"start":{"line":382,"column":33},"end":{"line":382,"column":52}},{"start":{"line":382,"column":56},"end":{"line":382,"column":67}}],"line":382},"88":{"loc":{"start":{"line":386,"column":16},"end":{"line":388,"column":17}},"type":"if","locations":[{"start":{"line":386,"column":16},"end":{"line":388,"column":17}},{"start":{"line":386,"column":16},"end":{"line":388,"column":17}}],"line":386},"89":{"loc":{"start":{"line":386,"column":20},"end":{"line":386,"column":67}},"type":"binary-expr","locations":[{"start":{"line":386,"column":20},"end":{"line":386,"column":46}},{"start":{"line":386,"column":50},"end":{"line":386,"column":67}}],"line":386},"90":{"loc":{"start":{"line":390,"column":16},"end":{"line":391,"column":77}},"type":"binary-expr","locations":[{"start":{"line":390,"column":16},"end":{"line":390,"column":37}},{"start":{"line":391,"column":21},"end":{"line":391,"column":76}}],"line":390},"91":{"loc":{"start":{"line":391,"column":30},"end":{"line":391,"column":76}},"type":"cond-expr","locations":[{"start":{"line":391,"column":62},"end":{"line":391,"column":68}},{"start":{"line":391,"column":71},"end":{"line":391,"column":76}}],"line":391},"92":{"loc":{"start":{"line":398,"column":8},"end":{"line":399,"column":19}},"type":"if","locations":[{"start":{"line":398,"column":8},"end":{"line":399,"column":19}},{"start":{"line":398,"column":8},"end":{"line":399,"column":19}}],"line":398},"93":{"loc":{"start":{"line":398,"column":12},"end":{"line":398,"column":71}},"type":"binary-expr","locations":[{"start":{"line":398,"column":12},"end":{"line":398,"column":33}},{"start":{"line":398,"column":37},"end":{"line":398,"column":49}},{"start":{"line":398,"column":53},"end":{"line":398,"column":71}}],"line":398},"94":{"loc":{"start":{"line":400,"column":16},"end":{"line":400,"column":57}},"type":"default-arg","locations":[{"start":{"line":400,"column":23},"end":{"line":400,"column":57}}],"line":400},"95":{"loc":{"start":{"line":402,"column":26},"end":{"line":402,"column":56}},"type":"cond-expr","locations":[{"start":{"line":402,"column":40},"end":{"line":402,"column":50}},{"start":{"line":402,"column":53},"end":{"line":402,"column":56}}],"line":402},"96":{"loc":{"start":{"line":408,"column":12},"end":{"line":419,"column":13}},"type":"if","locations":[{"start":{"line":408,"column":12},"end":{"line":419,"column":13}},{"start":{"line":408,"column":12},"end":{"line":419,"column":13}}],"line":408},"97":{"loc":{"start":{"line":410,"column":25},"end":{"line":410,"column":44}},"type":"binary-expr","locations":[{"start":{"line":410,"column":25},"end":{"line":410,"column":34}},{"start":{"line":410,"column":38},"end":{"line":410,"column":44}}],"line":410},"98":{"loc":{"start":{"line":411,"column":16},"end":{"line":411,"column":50}},"type":"binary-expr","locations":[{"start":{"line":411,"column":16},"end":{"line":411,"column":22}},{"start":{"line":411,"column":26},"end":{"line":411,"column":50}}],"line":411},"99":{"loc":{"start":{"line":414,"column":16},"end":{"line":414,"column":50}},"type":"binary-expr","locations":[{"start":{"line":414,"column":16},"end":{"line":414,"column":25}},{"start":{"line":414,"column":29},"end":{"line":414,"column":50}}],"line":414},"100":{"loc":{"start":{"line":415,"column":16},"end":{"line":416,"column":26}},"type":"if","locations":[{"start":{"line":415,"column":16},"end":{"line":416,"column":26}},{"start":{"line":415,"column":16},"end":{"line":416,"column":26}}],"line":415},"101":{"loc":{"start":{"line":417,"column":16},"end":{"line":417,"column":65}},"type":"binary-expr","locations":[{"start":{"line":417,"column":16},"end":{"line":417,"column":27}},{"start":{"line":417,"colum
[...]
":{"loc":{"start":{"line":620,"column":12},"end":{"line":620,"column":48}},"type":"binary-expr","locations":[{"start":{"line":620,"column":12},"end":{"line":620,"column":18}},{"start":{"line":620,"column":22},"end":{"line":620,"column":48}}],"line":620},"158":{"loc":{"start":{"line":623,"column":16},"end":{"line":628,"column":17}},"type":"if","locations":[{"start":{"line":623,"column":16},"end":{"line":628,"column":17}},{"start":{"line":623,"column":16},"end":{"line":628,"column":17}}],"line":623},"159":{"loc":{"start":{"line":623,"column":20},"end":{"line":623,"column":69}},"type":"binary-expr","locations":[{"start":{"line":623,"column":20},"end":{"line":623,"column":43}},{"start":{"line":623,"column":47},"end":{"line":623,"column":69}}],"line":623},"160":{"loc":{"start":{"line":625,"column":20},"end":{"line":627,"column":21}},"type":"if","locations":[{"start":{"line":625,"column":20},"end":{"line":627,"column":21}},{"start":{"line":625,"column":20},"end":{"line":627,"column":21}}],"line":625},"161":{"loc":{"start":{"line":625,"column":24},"end":{"line":625,"column":57}},"type":"binary-expr","locations":[{"start":{"line":625,"column":24},"end":{"line":625,"column":30}},{"start":{"line":625,"column":34},"end":{"line":625,"column":39}},{"start":{"line":625,"column":43},"end":{"line":625,"column":57}}],"line":625},"162":{"loc":{"start":{"line":630,"column":12},"end":{"line":632,"column":13}},"type":"if","locations":[{"start":{"line":630,"column":12},"end":{"line":632,"column":13}},{"start":{"line":630,"column":12},"end":{"line":632,"column":13}}],"line":630},"163":{"loc":{"start":{"line":630,"column":16},"end":{"line":630,"column":84}},"type":"binary-expr","locations":[{"start":{"line":630,"column":16},"end":{"line":630,"column":37}},{"start":{"line":630,"column":42},"end":{"line":630,"column":54}},{"start":{"line":630,"column":58},"end":{"line":630,"column":61}},{"start":{"line":630,"column":65},"end":{"line":630,"column":83}}],"line":630},"164":{"loc":{"start":{"line":635,"column":8},"end":{"line":637,"column":9}},"type":"if","locations":[{"start":{"line":635,"column":8},"end":{"line":637,"column":9}},{"start":{"line":635,"column":8},"end":{"line":637,"column":9}}],"line":635},"165":{"loc":{"start":{"line":639,"column":30},"end":{"line":639,"column":96}},"type":"cond-expr","locations":[{"start":{"line":639,"column":66},"end":{"line":639,"column":79}},{"start":{"line":639,"column":82},"end":{"line":639,"column":96}}],"line":639},"166":{"loc":{"start":{"line":641,"column":16},"end":{"line":641,"column":30}},"type":"default-arg","locations":[{"start":{"line":641,"column":28},"end":{"line":641,"column":30}}],"line":641},"167":{"loc":{"start":{"line":641,"column":32},"end":{"line":641,"column":46}},"type":"default-arg","locations":[{"start":{"line":641,"column":44},"end":{"line":641,"column":46}}],"line":641},"168":{"loc":{"start":{"line":641,"column":51},"end":{"line":641,"column":64}},"type":"binary-expr","locations":[{"start":{"line":641,"column":51},"end":{"line":641,"column":58}},{"start":{"line":641,"column":62},"end":{"line":641,"column":64}}],"line":641},"169":{"loc":{"start":{"line":642,"column":15},"end":{"line":642,"column":130}},"type":"cond-expr","locations":[{"start":{"line":642,"column":72},"end":{"line":642,"column":121}},{"start":{"line":642,"column":124},"end":{"line":642,"column":130}}],"line":642},"170":{"loc":{"start":{"line":642,"column":15},"end":{"line":642,"column":69}},"type":"binary-expr","locations":[{"start":{"line":642,"column":16},"end":{"line":642,"column":25}},{"start":{"line":642,"column":29},"end":{"line":642,"column":38}},{"start":{"line":642,"column":43},"end":{"line":642,"column":69}}],"line":642},"171":{"loc":{"start":{"line":645,"column":8},"end":{"line":647,"column":9}},"type":"if","locations":[{"start":{"line":645,"column":8},"end":{"line":647,"column":9}},{"start":{"line":645,"column":8},"end":{"line":647,"column":9}}],"line":645},"172":{"loc":{"start":{"line":645,"column":12},"end":{"line":645,"column":61}},"type":"binary-expr","locations":[{"start":{"line":645,"column":12},"end":{"line":645,"column":38}},{"start":{"line":645,"column":42},"end":{"line":645,"column":61}}],"line":645},"173":{"loc":{"start":{"line":649,"column":8},"end":{"line":651,"column":9}},"type":"if","locations":[{"start":{"line":649,"column":8},"end":{"line":651,"column":9}},{"start":{"line":649,"column":8},"end":{"line":651,"column":9}}],"line":649},"174":{"loc":{"start":{"line":656,"column":8},"end":{"line":658,"column":9}},"type":"if","locations":[{"start":{"line":656,"column":8},"end":{"line":658,"column":9}},{"start":{"line":656,"column":8},"end":{"line":658,"column":9}}],"line":656},"175":{"loc":{"start":{"line":656,"column":12},"end":{"line":656,"column":61}},"type":"binary-expr","locations":[{"start":{"line":656,"column":12},"end":{"line":656,"column":38}},{"start":{"line":656,"column":42},"end":{"line":656,"column":61}}],"line":656},"176":{"loc":{"start":{"line":659,"column":41},"end":{"line":659,"column":54}},"type":"binary-expr","locations":[{"start":{"line":659,"column":41},"end":{"line":659,"column":48}},{"start":{"line":659,"column":52},"end":{"line":659,"column":54}}],"line":659},"177":{"loc":{"start":{"line":660,"column":8},"end":{"line":667,"column":9}},"type":"if","locations":[{"start":{"line":660,"column":8},"end":{"line":667,"column":9}},{"start":{"line":660,"column":8},"end":{"line":667,"column":9}}],"line":660},"178":{"loc":{"start":{"line":660,"column":12},"end":{"line":660,"column":32}},"type":"binary-expr","locations":[{"start":{"line":660,"column":12},"end":{"line":660,"column":21}},{"start":{"line":660,"column":25},"end":{"line":660,"column":32}}],"line":660},"179":{"loc":{"start":{"line":662,"column":16},"end":{"line":664,"column":17}},"type":"if","locations":[{"start":{"line":662,"column":16},"end":{"line":664,"column":17}},{"start":{"line":662,"column":16},"end":{"line":664,"column":17}}],"line":662},"180":{"loc":{"start":{"line":662,"column":20},"end":{"line":662,"column":70}},"type":"binary-expr","locations":[{"start":{"line":662,"column":20},"end":{"line":662,"column":43}},{"start":{"line":662,"column":47},"end":{"line":662,"column":70}}],"line":662},"181":{"loc":{"start":{"line":669,"column":8},"end":{"line":672,"column":9}},"type":"if","locations":[{"start":{"line":669,"column":8},"end":{"line":672,"column":9}},{"start":{"line":669,"column":8},"end":{"line":672,"column":9}}],"line":669},"182":{"loc":{"start":{"line":679,"column":15},"end":{"line":684,"column":27}},"type":"cond-expr","locations":[{"start":{"line":679,"column":40},"end":{"line":684,"column":9}},{"start":{"line":684,"column":12},"end":{"line":684,"column":27}}],"line":679},"183":{"loc":{"start":{"line":682,"column":16},"end":{"line":682,"column":76}},"type":"cond-expr","locations":[{"start":{"line":682,"column":42},"end":{"line":682,"column":71}},{"start":{"line":682,"column":74},"end":{"line":682,"column":76}}],"line":682},"184":{"loc":{"start":{"line":682,"column":16},"end":{"line":682,"column":39}},"type":"binary-expr","locations":[{"start":{"line":682,"column":16},"end":{"line":682,"column":22}},{"start":{"line":682,"column":26},"end":{"line":682,"column":39}}],"line":682},"185":{"loc":{"start":{"line":683,"column":16},"end":{"line":683,"column":91}},"type":"cond-expr","locations":[{"start":{"line":683,"column":52},"end":{"line":683,"column":86}},{"start":{"line":683,"column":89},"end":{"line":683,"column":91}}],"line":683},"186":{"loc":{"start":{"line":683,"column":16},"end":{"line":683,"column":49}},"type":"binary-expr","locations":[{"start":{"line":683,"column":16},"end":{"line":683,"column":27}},{"start":{"line":683,"column":31},"end":{"line":683,"column":49}}],"line":683},"187":{"loc":{"start":{"line":692,"column":8},"end":{"line":696,"column":9}},"type":"if","locations":[{"start":{"line":692,"column":8},"end":{"line":696,"column":9}},{"start":{"line":692,"column":8},"end":{"line":696,"column":9}}],"line":692},"188":{"loc":{"start":{"line":694,"column":42},"end":{"line":694,"column":91}},"type":"binary-expr","locations":[{"start":{"line":694,"column":42},"end":{"line":694,"column":52}},{"start":{"line":694,"column":56},"end":{"line":694,"column":91}}],"line":694},"189":{"loc":{"start":{"line":698,"column":38},"end":{"line":698,"column":68}},"type":"binary-expr","locations":[{"start":{"line":698,"column":38},"end":{"line":698,"column":48}},{"start":{"line":698,"column":52},"end":{"line":698,"column":68}}],"line":698},"190":{"loc":{"start":{"line":702,"column":8},"end":{"line":704,"column":9}},"type":"if","locations":[{"start":{"line":702,"column":8},"end":{"line":704,"column":9}},{"start":{"line":702,"column":8},"end":{"line":704,"column":9}}],"line":702},"191":{"loc":{"start":{"line":703,"column":19},"end":{"line":703,"column":86}},"type":"cond-expr","locations":[{"start":{"line":703,"column":41},"end":{"line":703,"column":81}},{"start":{"line":703,"column":84},"end":{"line":703,"column":86}}],"line":703},"192":{"loc":{"start":{"line":703,"column":52},"end":{"line":703,"column":80}},"type":"binary-expr","locations":[{"start":{"line":703,"column":52},"end":{"line":703,"column":74}},{"start":{"line":703,"column":78},"end":{"line":703,"column":80}}],"line":703},"193":{"loc":{"start":{"line":707,"column":15},"end":{"line":707,"column":53}},"type":"cond-expr","locations":[{"start":{"line":707,"column":27},"end":{"line":707,"column":48}},{"start":{"line":707,"column":51},"end":{"line":707,"column":53}}],"line":707},"194":{"loc":{"start":{"line":718,"column":44},"end":{"line":718,"column":57}},"type":"binary-expr","locations":[{"start":{"line":718,"column":44},"end":{"line":718,"column":51}},{"start":{"line":718,"column":55},"end":{"line":718,"column":57}}],"line":718},"195":{"loc":{"start":{"line":724,"column":4},"end":{"line":736,"column":5}},"type":"if","locations":[{"start":{"line":724,"column":4},"end":{"line":736,"column":5}},{"start":{"line":724,"column":4},"end":{"line":736,"column":5}}],"line":724},"196":{"loc":{"start":{"line":730,"column":42},"end":{"line":730,"column":71}},"type":"binary-expr","locations":[{"start":{"line":730,"column":42},"end":{"line":730,"column":65}},{"start":{"line":730,"column":69},"end":{"line":730,"column":71}}],"line":730},"197":{"loc":{"start":{"line":731,"column":12},"end":{"line":733,"column":13}},"type":"if","locations":[{"start":{"line":731,"column":12},"end":{"line":733,"column":13}},{"start":{"line":731,"column":12},"end":{"line":733,"column":13}}],"line":731},"198":{"loc":{"start":{"line":739,"column":8},"end":{"line":745,"column":9}},"type":"if","locations":[{"start":{"line":739,"column":8},"end":{"line":745,"column":9}},{"start":{"line":739,"column":8},"end":{"line":745,"column":9}}],"line":739},"199":{"loc":{"start":{"line":749,"column":8},"end":{"line":754,"column":9}},"type":"if","locations":[{"start":{"line":749,"column":8},"end":{"line":754,"column":9}},{"start":{"line":749,"column":8},"end":{"line":754,"column":9}}],"line":749},"200":{"loc":{"start":{"line":783,"column":30},"end":{"line":783,"column":51}},"type":"binary-expr","locations":[{"start":{"line":783,"column":30},"end":{"line":783,"column":43}},{"start":{"line":783,"column":47},"end":{"line":783,"column":51}}],"line":783},"201":{"loc":{"start":{"line":786,"column":8},"end":{"line":789,"column":9}},"type":"if","locations":[{"start":{"line":786,"column":8},"end":{"line":789,"column":9}},{"start":{"line":786,"column":8},"end":{"line":789,"column":9}}],"line":786},"202":{"loc":{"start":{"line":792,"column":12},"end":{"line":794,"column":13}},"type":"if","locations":[{"start":{"line":792,"column":12},"end":{"line":794,"column":13}},{"start":{"line":792,"column":12},"end":{"line":794,"column":13}}],"line":792},"203":{"loc":{"start":{"line":795,"column":12},"end":{"line":799,"column":13}},"type":"if","locations":[{"start":{"line":795,"column":12},"end":{"line":799,"column":13}},{"start":{"line":795,"column":12},"end":{"line":799,"column":13}}],"line":795},"204":{"loc":{"start":{"line":795,"column":16},"end":{"line":795,"column":45}},"type":"binary-expr","locations":[{"start":{"line":795,"column":16},"end":{"line":795,"column":23}},{"start":{"line":795,"column":27},"end":{"line":795,"column":45}}],"line":795},"205":{"loc":{"start":{"line":800,"column":12},"end":{"line":810,"column":13}},"type":"if","locations":[{"start":{"line":800,"column":12},"end":{"line":810,"column":13}},{"start":{"line":800,"column":12},"end":{"line":810,"column":13}}],"line":800},"206":{"loc":{"start":{"line":825,"column":8},"end":{"line":825,"column":33}},"type":"cond-expr","locations":[{"start":{"line":825,"column":17},"end":{"line":825,"column":23}},{"start":{"line":825,"column":26},"end":{"line":825,"column":33}}],"line":825}},"s":{"0":9,"1":9,"2":8,"3":2,"4":2,"5":2,"6":2,"7":2,"8":6,"9":6,"10":6,"11":2,"12":0,"13":2,"14":0,"15":2,"16":6,"17":6,"18":24,"19":6,"20":2,"21":2,"22":2,"23":0,"24":8,"25":8,"26":6,"27":6,"28":8,"29":4,"30":6,"31":2,"32":2,"33":2,"34":9,"35":2,"36":2,"37":2,"38":2,"39":2,"40":2,"41":2,"42":2,"43":2,"44":2,"45":2,"46":2,"47":34,"48":34,"49":34,"50":2,"51":2,"52":0,"53":2,"54":3,"55":3,"56":3,"57":3,"58":3,"59":3,"60":3,"61":3,"62":1,"63":1,"64":1,"65":11,"66":11,"67":1,"68":10,"69":1,"70":1,"71":0,"72":1,"73":3,"74":0,"75":0,"76":0,"77":0,"78":3,"79":1,"80":1,"81":2,"82":3,"83":3,"84":3,"85":1,"86":9,"87":15,"88":3,"89":0,"90":3,"91":1,"92":2,"93":2,"94":2,"95":4,"96":0,"97":1,"98":0,"99":1,"100":1,"101":4,"102":1,"103":9,"104":4,"105":4,"106":4,"107":4,"108":4,"109":4,"110":4,"111":0,"112":4,"113":4,"114":4,"115":4,"116":4,"117":4,"118":4,"119":4,"120":1,"121":1,"122":1,"123":1,"124":3,"125":6,"126":6,"127":6,"128":3,"129":3,"130":3,"131":3,"132":4,"133":9,"134":7,"135":0,"136":7,"137":7,"138":7,"139":7,"140":7,"141":7,"142":7,"143":0,"144":0,"145":0,"146":7,"147":7,"148":1,"149":1,"150":7,"151":7,"152":7,"153":7,"154":7,"155":7,"156":7,"157":7,"158":64,"159":7,"160":7,"161":9,"162":2,"163":9,"164":2,"165":9,"166":9,"167":8,"168":8,"169":3,"170":3,"171":2,"172":1,"173":10,"174":6,"175":4,"176":2,"177":2,"178":2,"179":0,"180":9,"181":1,"182":1,"183":2,"184":2,"185":1,"186":1,"187":0,"188":0,"189":9,"190":10,"191":10,"192":10,"193":10,"194":10,"195":10,"196":10,"197":10,"198":10,"199":10,"200":10,"201":10,"202":18,"203":10,"204":8,"205":10,"206":4,"207":4,"208":4,"209":4,"210":4,"211":6,"212":6,"213":2,"214":4,"215":4,"216":4,"217":10,"218":8,"219":0,"220":8,"221":8,"222":8,"223":8,"224":8,"225":8,"226":8,"227":8,"228":12,"229":12,"230":12,"231":8,"232":8,"233":8,"234":4,"235":4,"236":0,"237":4,"238":4,"239":8,"240":10,"241":16,"242":16,"243":16,"244":0,"245":0,"246":0,"247":0,"248":10,"249":14,"250":0,"251":14,"252":10,"253":4,"254":10,"255":9,"256":0,"257":9,"258":9,"259":0,"260":0,"261":0,"262":0,"263":0,"264":0,"265":9,"266":9,"267":10,"268":4,"269":6,"270":10,"271":8,"272":10,"273":0,"274":10,"275":8,"276":8,"277":10,"278":9,"279":2,"280":9,"281":0,"282":0,"283":0,"284":3,"285":3,"286":2,"287":9,"288":5,"289":9,"290":5,"291":5,"292":13,"293":13,"294":9,"295":5,"296":9,"297":9,"298":3,"299":1,"300":2,"301":0,"302":2,"303":1,"304":2,"305":2,"306":9,"307":2,"308":2,"309":2,"310":2,"311":4,"312":4,"313":0,"314":2,"315":2,"316":0,"317":2,"318":2,"319":4,"320":4,"321":4,"322":0,"323":4,"324":2,"325":2,"326":2,"327":2,"328":0,"329":2,"330":2,"331":2,"332":4,"333":2,"334":2,"335":9,"336":0,"337":0,"338":9,"339":2,"340":9,"341":8,"342":8,"343":8,"344":8,"345":8,"346":2,"347":2,"348":0,"349":8,"350":2,"351":2,"352":2,"353":2,"354":4,"355":2,"356":2,"357":2,"358":2,"359":2,"360":2,"361":2,"362":2,"363":2,"364":0,"365":8,"366":8,"367":20,"368":20,"369":8,"370":9,"371":0,"372":9,"373":9,"374":7,"375":9,"376":9,"377":8,"378":1,"379":0,"380":1,"381":1,"382":0,"383":0,"384":0,"385":0,"386":1,"387":1,"388":0,"389":0,"390":1,"391":8,"392":0,"393":8,"394":2,"395":8,"396":2,"397":2,"398":8,"399":0,"400":0,"401":0,"402":0,"403":0,"404":0,"405":0,"406":0,"407":0,"408":8,"409":12,"410":2,"411":10,"412":10,"413":10,"414":8,"415":0,"416":0,"417":0,"418":0,"419":0,"420":0,"421":0,"422":0,"423":0,"424":0,"425":0,"426":0,"427":0,"428":0,"429":0,"430":0,"431":0,"432":0,"433":0,"434":0,"435":0,"436":0,"437":0,"438":0,"439":0,"440":0,"441":9,"442":0,"443":0,"444":0,"445":0,"446":0,"447":0,"448":0,"449":0,"450":0,"451":0,"452":0,"453":0,"454":0,"455":0,"456":0,"457":0,"458":0,"459":0,"460":0,"461":0,"462":0,"463":0,"464":0,"465":0,"466":0,"467":0,"468":0,"469":0,"470":0,"471":0,"472":0,"473":0,"474":0,"475":0,"476":0,"477":0,"478":0,"479":0,"480":0,"481":0,"482":0,"483":0,"484":9,"485":9,"486":9,"487":9,"488":9,"489":9,"490":9,"491":9,"492":9,"493":9,"494":9,"495":9,"496":9,"497":9,"498":9,"499":9,"500":9,"501":9,"502":9,"503":9,"504":9,"505":9,"506":9,"507":9,"508":9,"509":9},"f":{"0":8,"1":2,"2":6,"3":6,"4":2,"5":8,"6":6,"7":2,"8":2,"9":3,"10":1,"11":0,"12":0,"13":1,"14":2,"15":3,"16":15,"17":3,"18":2,"19":4,"20":1,"21":4,"22":4,"23":4,"24":6,"25":0,"26":7,"27":64,"28":2,"29":2,"30":8,"31":3,"32":10,"33":1,"34":2,"35":0,"36":0,"37":10,"38":18,"39":8,"40":4,"41":8,"42":8,"43":16,"44":14,"45":0,"46":8,"47":0,"48":2,"49":0,"50":3,"51":5,"52":5,"53":13,"54":3,"55":2,"56":2,"57":4,"58":4,"59":0,"60":0,"61":2,"62":8,"63":2,"64":2,"65":4,"66":2,"67":0,"68":20,"69":9,"70":1,"71":0,"72":0,"73":2,"74":2,"75":0,"76":0,"77":0,"78":12,"79":0,"80":0,"81":0,"82":0,"83":0,"84":0,"85":0,"86":0,"87":0,"88":0,"89":0,"90":0,"91":0,"92":0,"93":0},"b":{"0":[6],"1":[1],"2":[2,1],"3":[0,1],"4":[2,2],"5":[6,6],"6":[6,2],"7":[1,1],"8":[6,4],"9":[0,2],"10":[0,2],"11":[24,18],"12":[1],"13":[1,1],"14":[0,2],"15":[2,0],"16":[6],"17":[8,0],"18":[6,2],"19":[3,3],"20":[4,4],"21":[8,8],"22":[2,0],"23":[2,0],"24":[2,2,2],"25":[1,10],"26":[1,9],"27":[1,0],"28":[0,0],"29":[3,1,1,1,1,1,1,1,0],"30":[1],"31":[1],"32":[1,1,1,1,1],"33":[3,0],"34":[3,0],"35":[3,3],"36":[0,3],"37":[1,2],"38":[2,0],"39":[2,2],"40":[2,2],"41":[4,4],"42":[1,1],"43":[2,2],"44":[0,1],"45":[1,1,1,1],"46":[4,3],"47":[4,0],"48":[4,3],"49":[0,4],"50":[1,3],"51":[0,4],"52":[1,3],"53":[3,3],"54":[1,3],"55":[0],"56":[0,7],"57":[7,7],"58":[1,6],"59":[7,6,1],"60":[1],"61":[0,7],"62":[0,7],"63":[1,6],"64":[1,6],"65":[4,3],"66":[4,3],"67":[1,3],"68":[7,0],"69":[7,7],"70":[7,0],"71":[7,7],"72":[31,33],"73":[64,43],"74":[8,0],"75":[6,4],"76":[2,2],"77":[4,4,2],"78":[2,0],"79":[1,1],"80":[2,1],"81":[4,6],"82":[2,8],"83":[2,8],"84":[1,9],"85":[18,18],"86":[4,0],"87":[4,4,4,4],"88":[2,4],"89":[6,6],"90":[4,2],"91":[2,0],"92":[0,8],"93":[8,4,0],"94":[8],"95":[4,4],"96":[8,4],"97":[8,5],"98":[8,8],"99":[4,0],"100":[0,4],"101":[4,2],"102":[8,4,4],"103":[16,0],"104":[8,8],"105":[0,0],"106":[0,0],"107":[0,14],"108":[10,4],"109":[14,10],"110":[9,1],"111":[0,0],"112":[9,0],"113":[0,0],"114":[0,0],"115":[0,0],"116":[9,0,0],"117":[9,9],"118":[4,6],"119":[1,3],"120":[0,3],"121":[1,5],"122":[8,2],"123":[10,9],"124":[8,7],"125":[0],"126":[0,0],"127":[0,0],"128":[0],"129":[5,4,3],"130":[9,4],"131":[13,13,11],"132":[1,8],"133":[9,1],"134":[1,2],"135":[0,2],"136":[1,1],"137":[4,0],"138":[0,2],"139":[0,4],"140":[4,4],"141":[2,2],"142":[4,3],"143":[2,0],"144":[2,2],"145":[1,1],"146":[2,0],"147":[2,1],"148":[0,2],"149":[2,2],"150":[1,1],"151":[1,1],"152":[2,0],"153":[8,8],"154":[0,8],"155":[2,0],"156":[2,0],"157":[2,2],"158":[2,2],"159":[4,2],"160":[2,0],"161":[2,0,0],"162":[2,0],"163":[2,2,0,0],"164":[2,0],"165":[0,8],"166":[20],"167":[17],"168":[20,17],"169":[3,17],"170":[20,20,3],"171":[0,9],"172":[9,1],"173":[7,2],"174":[0,1],"175":[1,0],"176":[1,1],"177":[0,1],"178":[1,0],"179":[0,0],"180":[0,0],"181":[0,1],"182":[2,0],"183":[0,2],"184":[2,0],"185":[0,2],"186":[2,0],"187":[0,0],"188":[0,0],"189":[0,0],"190":[2,10],"191":[2,0],"192":[2,0],"193":[6,4],"194":[0,0],"195":[0,0],"196":[0,0],"197":[0,0],"198":[0,0],"199":[0,0],"200":[0,0],"201":[0,0],"202":[0,0],"203":[0,0],"204":[0,0],"205":[0,0],"206":[0,0]},"_coverageSchema":"1a1c01bbd47fc00a2c39e90264f33305004495a9","hash":"3292807d830e176a60ef49098d35f1ee310fd120"}
}
