TN:
SF:dist/index.js
FN:11,createNode
FN:24,array2tree
FN:36,(anonymous_2)
FN:49,nodeChildFilter
FN:66,tree2array
FN:77,getNode
FN:84,(anonymous_6)
FN:95,ChinaIdCardValid
FN:98,(anonymous_8)
FN:122,formulaValidate
FN:130,(anonymous_10)
FN:149,(anonymous_11)
FN:152,(anonymous_12)
FN:157,mapToObject
FN:160,(anonymous_14)
FN:161,(anonymous_15)
FN:168,(anonymous_16)
FN:176,checkoutBy
FN:181,(anonymous_18)
FN:184,(anonymous_19)
FN:196,pickRenameKeys
FN:208,(anonymous_21)
FN:227,byteStringify
FN:241,(anonymous_23)
FN:251,(anonymous_24)
FN:264,byteParse
FN:277,maskData
FN:304,(anonymous_27)
FN:316,(anonymous_28)
FN:318,(anonymous_29)
FN:321,(anonymous_30)
FN:330,awaitWrapper
FN:339,checkContext
FN:350,(anonymous_33)
FN:353,(anonymous_34)
FN:361,(anonymous_35)
FN:362,(anonymous_36)
FN:366,wrapPromise
FN:378,(anonymous_38)
FN:379,(anonymous_39)
FN:380,(anonymous_40)
FN:396,(anonymous_41)
FN:400,(anonymous_42)
FN:424,(anonymous_43)
FN:435,(anonymous_44)
FN:444,(anonymous_45)
FN:468,(anonymous_46)
FN:471,(anonymous_47)
FN:480,(anonymous_48)
FN:482,(anonymous_49)
FN:492,safeJsonParse
FN:503,(anonymous_51)
FN:510,(anonymous_52)
FN:512,(anonymous_53)
FN:526,(anonymous_54)
FN:534,(anonymous_55)
FN:546,(anonymous_56)
FN:550,(anonymous_57)
FN:564,(anonymous_58)
FN:596,(anonymous_59)
FN:596,(anonymous_60)
FN:598,(anonymous_61)
FN:605,eventTargetEmitter
FN:610,(anonymous_63)
FN:618,(anonymous_64)
FN:622,(anonymous_65)
FN:631,(anonymous_66)
FN:636,(anonymous_67)
FN:640,(anonymous_68)
FN:644,(anonymous_69)
FN:655,(anonymous_70)
FN:661,(anonymous_71)
FN:675,(anonymous_72)
FN:678,(anonymous_73)
FN:686,(anonymous_74)
FN:691,(anonymous_75)
FN:694,(anonymous_76)
FN:698,(anonymous_77)
FN:701,(anonymous_78)
FN:717,pageCommunicate
FN:720,(anonymous_80)
FN:729,(anonymous_81)
FN:737,(anonymous_82)
FN:747,(anonymous_83)
FN:771,(anonymous_84)
FN:782,(anonymous_85)
FN:787,(anonymous_86)
FN:790,(anonymous_87)
FN:815,(anonymous_88)
FN:819,(anonymous_89)
FN:823,(anonymous_90)
FN:833,(anonymous_91)
FN:840,(anonymous_92)
FN:841,(anonymous_93)
FNF:94
FNH:63
FNDA:8,createNode
FNDA:2,array2tree
FNDA:6,(anonymous_2)
FNDA:6,nodeChildFilter
FNDA:2,tree2array
FNDA:8,getNode
FNDA:6,(anonymous_6)
FNDA:2,ChinaIdCardValid
FNDA:2,(anonymous_8)
FNDA:3,formulaValidate
FNDA:1,(anonymous_10)
FNDA:0,(anonymous_11)
FNDA:0,(anonymous_12)
FNDA:1,mapToObject
FNDA:2,(anonymous_14)
FNDA:3,(anonymous_15)
FNDA:15,(anonymous_16)
FNDA:3,checkoutBy
FNDA:2,(anonymous_18)
FNDA:4,(anonymous_19)
FNDA:1,pickRenameKeys
FNDA:4,(anonymous_21)
FNDA:4,byteStringify
FNDA:4,(anonymous_23)
FNDA:6,(anonymous_24)
FNDA:0,byteParse
FNDA:7,maskData
FNDA:64,(anonymous_27)
FNDA:2,(anonymous_28)
FNDA:2,(anonymous_29)
FNDA:8,(anonymous_30)
FNDA:3,awaitWrapper
FNDA:10,checkContext
FNDA:1,(anonymous_33)
FNDA:2,(anonymous_34)
FNDA:0,(anonymous_35)
FNDA:0,(anonymous_36)
FNDA:10,wrapPromise
FNDA:18,(anonymous_38)
FNDA:8,(anonymous_39)
FNDA:4,(anonymous_40)
FNDA:8,(anonymous_41)
FNDA:8,(anonymous_42)
FNDA:16,(anonymous_43)
FNDA:14,(anonymous_44)
FNDA:0,(anonymous_45)
FNDA:8,(anonymous_46)
FNDA:0,(anonymous_47)
FNDA:2,(anonymous_48)
FNDA:0,(anonymous_49)
FNDA:3,safeJsonParse
FNDA:5,(anonymous_51)
FNDA:5,(anonymous_52)
FNDA:13,(anonymous_53)
FNDA:3,(anonymous_54)
FNDA:2,(anonymous_55)
FNDA:2,(anonymous_56)
FNDA:4,(anonymous_57)
FNDA:4,(anonymous_58)
FNDA:0,(anonymous_59)
FNDA:0,(anonymous_60)
FNDA:2,(anonymous_61)
FNDA:8,eventTargetEmitter
FNDA:2,(anonymous_63)
FNDA:2,(anonymous_64)
FNDA:4,(anonymous_65)
FNDA:2,(anonymous_66)
FNDA:0,(anonymous_67)
FNDA:20,(anonymous_68)
FNDA:9,(anonymous_69)
FNDA:1,(anonymous_70)
FNDA:0,(anonymous_71)
FNDA:0,(anonymous_72)
FNDA:2,(anonymous_73)
FNDA:2,(anonymous_74)
FNDA:0,(anonymous_75)
FNDA:0,(anonymous_76)
FNDA:0,(anonymous_77)
FNDA:12,(anonymous_78)
FNDA:0,pageCommunicate
FNDA:0,(anonymous_80)
FNDA:0,(anonymous_81)
FNDA:0,(anonymous_82)
FNDA:0,(anonymous_83)
FNDA:0,(anonymous_84)
FNDA:0,(anonymous_85)
FNDA:0,(anonymous_86)
FNDA:0,(anonymous_87)
FNDA:0,(anonymous_88)
FNDA:0,(anonymous_89)
FNDA:0,(anonymous_90)
FNDA:0,(anonymous_91)
FNDA:0,(anonymous_92)
FNDA:0,(anonymous_93)
DA:8,9
DA:10,9
DA:12,8
DA:25,2
DA:33,2
DA:34,2
DA:35,2
DA:36,2
DA:37,6
DA:38,6
DA:39,6
DA:41,2
DA:42,0
DA:44,2
DA:45,0
DA:47,2
DA:50,6
DA:51,6
DA:52,24
DA:54,6
DA:67,2
DA:74,2
DA:75,2
DA:76,0
DA:78,8
DA:79,8
DA:80,6
DA:81,6
DA:83,8
DA:84,6
DA:87,2
DA:88,2
DA:89,2
DA:93,9
DA:96,2
DA:97,2
DA:98,2
DA:99,2
DA:100,2
DA:103,2
DA:105,2
DA:106,2
DA:107,2
DA:108,2
DA:109,2
DA:110,34
DA:111,34
DA:112,34
DA:114,2
DA:115,2
DA:117,0
DA:119,2
DA:123,3
DA:124,3
DA:125,3
DA:126,3
DA:127,3
DA:128,3
DA:129,3
DA:130,3
DA:131,1
DA:132,1
DA:133,11
DA:134,11
DA:135,1
DA:137,10
DA:138,1
DA:139,1
DA:142,0
DA:146,1
DA:149,3
DA:150,0
DA:151,0
DA:152,0
DA:154,3
DA:158,1
DA:159,1
DA:160,2
DA:162,3
DA:163,3
DA:164,3
DA:166,1
DA:168,15
DA:177,3
DA:178,0
DA:180,3
DA:181,2
DA:183,2
DA:184,4
DA:188,0
DA:197,1
DA:198,0
DA:200,1
DA:201,1
DA:202,4
DA:204,1
DA:208,9
DA:209,4
DA:220,4
DA:221,4
DA:228,4
DA:234,4
DA:235,4
DA:236,4
DA:237,0
DA:238,4
DA:239,4
DA:240,4
DA:241,4
DA:242,4
DA:243,4
DA:244,4
DA:245,1
DA:246,1
DA:247,1
DA:248,1
DA:251,3
DA:252,6
DA:253,6
DA:254,6
DA:255,3
DA:256,3
DA:257,3
DA:258,3
DA:261,4
DA:267,9
DA:278,7
DA:279,0
DA:281,7
DA:282,7
DA:283,7
DA:284,7
DA:285,7
DA:286,7
DA:287,7
DA:288,0
DA:289,0
DA:290,0
DA:292,7
DA:293,7
DA:294,1
DA:295,1
DA:297,7
DA:298,7
DA:299,7
DA:300,7
DA:301,7
DA:302,7
DA:303,7
DA:304,7
DA:305,64
DA:307,7
DA:308,7
DA:316,9
DA:318,9
DA:320,9
DA:321,9
DA:322,8
DA:323,8
DA:331,3
DA:332,3
DA:333,2
DA:336,1
DA:340,10
DA:341,6
DA:342,4
DA:343,2
DA:345,2
DA:346,2
DA:348,0
DA:350,9
DA:351,1
DA:352,1
DA:354,2
DA:356,2
DA:357,1
DA:359,1
DA:361,0
DA:362,0
DA:365,9
DA:367,10
DA:368,10
DA:369,10
DA:370,10
DA:371,10
DA:372,10
DA:373,10
DA:374,10
DA:375,10
DA:376,10
DA:377,10
DA:378,18
DA:379,10
DA:380,10
DA:381,4
DA:382,4
DA:383,4
DA:384,4
DA:385,6
DA:386,6
DA:387,2
DA:389,4
DA:390,4
DA:394,4
DA:396,10
DA:398,8
DA:399,0
DA:400,8
DA:401,8
DA:402,8
DA:403,8
DA:404,8
DA:405,8
DA:406,12
DA:407,12
DA:408,12
DA:409,8
DA:410,8
DA:411,8
DA:414,4
DA:415,4
DA:416,0
DA:417,4
DA:418,4
DA:422,8
DA:424,10
DA:425,16
DA:427,16
DA:428,16
DA:430,0
DA:431,0
DA:432,0
DA:433,0
DA:435,10
DA:437,14
DA:438,0
DA:439,14
DA:440,10
DA:441,4
DA:443,10
DA:444,9
DA:445,9
DA:446,9
DA:448,0
DA:449,0
DA:451,0
DA:452,0
DA:453,0
DA:454,0
DA:457,9
DA:458,9
DA:462,10
DA:463,4
DA:466,6
DA:468,10
DA:469,10
DA:471,0
DA:474,10
DA:475,8
DA:476,8
DA:478,10
DA:480,9
DA:481,9
DA:483,0
DA:484,0
DA:487,0
DA:493,3
DA:494,3
DA:497,2
DA:503,9
DA:510,9
DA:511,5
DA:512,5
DA:513,13
DA:514,13
DA:515,9
DA:518,5
DA:520,9
DA:526,9
DA:527,3
DA:528,1
DA:530,2
DA:531,0
DA:533,2
DA:534,1
DA:535,2
DA:538,2
DA:546,9
DA:547,2
DA:548,2
DA:549,2
DA:550,2
DA:551,4
DA:552,4
DA:555,0
DA:558,2
DA:560,2
DA:561,0
DA:563,2
DA:564,2
DA:565,4
DA:566,4
DA:567,4
DA:568,0
DA:571,4
DA:572,2
DA:573,2
DA:576,2
DA:577,2
DA:578,0
DA:580,2
DA:581,2
DA:582,2
DA:587,4
DA:589,2
DA:593,2
DA:596,9
DA:598,9
DA:599,9
DA:606,8
DA:607,8
DA:608,8
DA:609,8
DA:610,8
DA:611,2
DA:612,2
DA:615,0
DA:618,8
DA:619,2
DA:620,2
DA:621,2
DA:622,2
DA:623,4
DA:624,2
DA:625,2
DA:626,2
DA:630,2
DA:631,2
DA:634,2
DA:635,2
DA:636,2
DA:639,8
DA:640,8
DA:641,20
DA:642,20
DA:644,8
DA:645,9
DA:646,0
DA:648,9
DA:649,9
DA:650,7
DA:652,9
DA:653,9
DA:655,8
DA:656,1
DA:657,0
DA:659,1
DA:660,1
DA:661,0
DA:662,0
DA:663,0
DA:666,0
DA:668,1
DA:669,1
DA:670,0
DA:671,0
DA:673,1
DA:675,8
DA:676,0
DA:678,8
DA:679,2
DA:686,8
DA:687,2
DA:688,2
DA:691,8
DA:692,0
DA:693,0
DA:694,0
DA:695,0
DA:697,0
DA:698,0
DA:699,0
DA:701,8
DA:702,12
DA:703,2
DA:705,10
DA:706,10
DA:707,10
DA:709,8
DA:718,0
DA:719,0
DA:720,0
DA:722,0
DA:723,0
DA:724,0
DA:725,0
DA:726,0
DA:729,0
DA:730,0
DA:731,0
DA:732,0
DA:735,0
DA:737,0
DA:738,0
DA:739,0
DA:740,0
DA:743,0
DA:744,0
DA:747,0
DA:748,0
DA:749,0
DA:750,0
DA:753,0
DA:756,0
DA:771,9
DA:773,0
DA:775,0
DA:777,0
DA:779,0
DA:780,0
DA:781,0
DA:782,0
DA:783,0
DA:784,0
DA:785,0
DA:786,0
DA:787,0
DA:788,0
DA:790,0
DA:791,0
DA:792,0
DA:793,0
DA:795,0
DA:796,0
DA:797,0
DA:798,0
DA:800,0
DA:801,0
DA:802,0
DA:805,0
DA:806,0
DA:809,0
DA:812,0
DA:815,0
DA:816,0
DA:819,0
DA:820,0
DA:823,0
DA:824,0
DA:825,0
DA:833,0
DA:834,0
DA:840,0
DA:841,0
DA:843,0
DA:846,9
DA:847,9
DA:848,9
DA:849,9
DA:850,9
DA:851,9
DA:852,9
DA:853,9
DA:854,9
DA:855,9
DA:856,9
DA:857,9
DA:858,9
DA:859,9
DA:860,9
DA:861,9
DA:862,9
DA:863,9
DA:864,9
DA:865,9
DA:866,9
DA:867,9
DA:868,9
DA:869,9
DA:870,9
DA:871,9
LF:481
LH:358
BRDA:11,0,0,6
BRDA:24,1,0,1
BRDA:33,2,0,2
BRDA:33,2,1,1
BRDA:33,3,0,0
BRDA:33,3,1,1
BRDA:36,4,0,2
BRDA:36,4,1,2
BRDA:37,5,0,6
BRDA:37,5,1,6
BRDA:38,6,0,6
BRDA:38,6,1,2
BRDA:38,7,0,1
BRDA:38,7,1,1
BRDA:39,8,0,6
BRDA:39,8,1,4
BRDA:41,9,0,0
BRDA:41,9,1,2
BRDA:44,10,0,0
BRDA:44,10,1,2
BRDA:52,11,0,24
BRDA:52,11,1,18
BRDA:66,12,0,1
BRDA:74,13,0,1
BRDA:74,13,1,1
BRDA:75,14,0,0
BRDA:75,14,1,2
BRDA:75,15,0,2
BRDA:75,15,1,0
BRDA:77,16,0,6
BRDA:78,17,0,8
BRDA:78,17,1,0
BRDA:79,18,0,6
BRDA:79,18,1,2
BRDA:81,19,0,3
BRDA:81,19,1,3
BRDA:83,20,0,4
BRDA:83,20,1,4
BRDA:83,21,0,8
BRDA:83,21,1,8
BRDA:87,22,0,2
BRDA:87,22,1,0
BRDA:99,23,0,2
BRDA:99,23,1,0
BRDA:119,24,0,2
BRDA:119,24,1,2
BRDA:119,24,2,2
BRDA:134,25,0,1
BRDA:134,25,1,10
BRDA:137,26,0,1
BRDA:137,26,1,9
BRDA:138,27,0,1
BRDA:138,27,1,0
BRDA:152,28,0,0
BRDA:152,28,1,0
BRDA:154,29,0,3
BRDA:154,29,1,1
BRDA:154,29,2,1
BRDA:154,29,3,1
BRDA:154,29,4,1
BRDA:154,29,5,1
BRDA:154,29,6,1
BRDA:154,29,7,1
BRDA:154,29,8,0
BRDA:157,30,0,1
BRDA:157,31,0,1
BRDA:159,32,0,1
BRDA:159,32,1,1
BRDA:159,32,2,1
BRDA:159,32,3,1
BRDA:159,32,4,1
BRDA:162,33,0,3
BRDA:162,33,1,0
BRDA:163,34,0,3
BRDA:163,34,1,0
BRDA:164,35,0,3
BRDA:164,35,1,3
BRDA:177,36,0,0
BRDA:177,36,1,3
BRDA:180,37,0,1
BRDA:180,37,1,2
BRDA:183,38,0,2
BRDA:183,38,1,0
BRDA:183,39,0,2
BRDA:183,39,1,2
BRDA:184,40,0,2
BRDA:184,40,1,2
BRDA:184,41,0,4
BRDA:184,41,1,4
BRDA:185,42,0,1
BRDA:185,42,1,1
BRDA:186,43,0,2
BRDA:186,43,1,2
BRDA:197,44,0,0
BRDA:197,44,1,1
BRDA:197,45,0,1
BRDA:197,45,1,1
BRDA:197,45,2,1
BRDA:197,45,3,1
BRDA:202,46,0,4
BRDA:202,46,1,3
BRDA:222,47,0,4
BRDA:222,47,1,0
BRDA:223,48,0,4
BRDA:223,48,1,3
BRDA:236,49,0,0
BRDA:236,49,1,4
BRDA:238,50,0,1
BRDA:238,50,1,3
BRDA:241,51,0,0
BRDA:241,51,1,4
BRDA:244,52,0,1
BRDA:244,52,1,3
BRDA:254,53,0,3
BRDA:254,53,1,3
BRDA:261,54,0,1
BRDA:261,54,1,3
BRDA:264,55,0,0
BRDA:278,56,0,0
BRDA:278,56,1,7
BRDA:278,57,0,7
BRDA:278,57,1,7
BRDA:281,58,0,1
BRDA:281,58,1,6
BRDA:281,59,0,7
BRDA:281,59,1,6
BRDA:281,59,2,1
BRDA:282,60,0,1
BRDA:286,61,0,0
BRDA:286,61,1,7
BRDA:287,62,0,0
BRDA:287,62,1,7
BRDA:292,63,0,1
BRDA:292,63,1,6
BRDA:293,64,0,1
BRDA:293,64,1,6
BRDA:300,65,0,4
BRDA:300,65,1,3
BRDA:300,66,0,4
BRDA:300,66,1,3
BRDA:300,67,0,1
BRDA:300,67,1,3
BRDA:302,68,0,7
BRDA:302,68,1,0
BRDA:302,69,0,7
BRDA:302,69,1,7
BRDA:303,70,0,7
BRDA:303,70,1,0
BRDA:303,71,0,7
BRDA:303,71,1,7
BRDA:305,72,0,31
BRDA:305,72,1,33
BRDA:305,73,0,64
BRDA:305,73,1,43
BRDA:323,74,0,8
BRDA:323,74,1,0
BRDA:340,75,0,6
BRDA:340,75,1,4
BRDA:342,76,0,2
BRDA:342,76,1,2
BRDA:342,77,0,4
BRDA:342,77,1,4
BRDA:342,77,2,2
BRDA:345,78,0,2
BRDA:345,78,1,0
BRDA:356,79,0,1
BRDA:356,79,1,1
BRDA:356,80,0,2
BRDA:356,80,1,1
BRDA:369,81,0,4
BRDA:369,81,1,6
BRDA:370,82,0,2
BRDA:370,82,1,8
BRDA:371,83,0,2
BRDA:371,83,1,8
BRDA:372,84,0,1
BRDA:372,84,1,9
BRDA:378,85,0,18
BRDA:378,85,1,18
BRDA:382,86,0,4
BRDA:382,86,1,0
BRDA:382,87,0,4
BRDA:382,87,1,4
BRDA:382,87,2,4
BRDA:382,87,3,4
BRDA:386,88,0,2
BRDA:386,88,1,4
BRDA:386,89,0,6
BRDA:386,89,1,6
BRDA:390,90,0,4
BRDA:390,90,1,2
BRDA:391,91,0,2
BRDA:391,91,1,0
BRDA:398,92,0,0
BRDA:398,92,1,8
BRDA:398,93,0,8
BRDA:398,93,1,4
BRDA:398,93,2,0
BRDA:400,94,0,8
BRDA:402,95,0,4
BRDA:402,95,1,4
BRDA:408,96,0,8
BRDA:408,96,1,4
BRDA:410,97,0,8
BRDA:410,97,1,5
BRDA:411,98,0,8
BRDA:411,98,1,8
BRDA:414,99,0,4
BRDA:414,99,1,0
BRDA:415,100,0,0
BRDA:415,100,1,4
BRDA:417,101,0,4
BRDA:417,101,1,2
BRDA:422,102,0,8
BRDA:422,102,1,4
BRDA:422,102,2,4
BRDA:425,103,0,16
BRDA:425,103,1,0
BRDA:427,104,0,8
BRDA:427,104,1,8
BRDA:430,105,0,0
BRDA:430,105,1,0
BRDA:432,106,0,0
BRDA:432,106,1,0
BRDA:437,107,0,0
BRDA:437,107,1,14
BRDA:439,108,0,10
BRDA:439,108,1,4
BRDA:439,109,0,14
BRDA:439,109,1,10
BRDA:443,110,0,9
BRDA:443,110,1,1
BRDA:444,111,0,0
BRDA:444,111,1,0
BRDA:445,112,0,9
BRDA:445,112,1,0
BRDA:448,113,0,0
BRDA:448,113,1,0
BRDA:451,114,0,0
BRDA:451,114,1,0
BRDA:453,115,0,0
BRDA:453,115,1,0
BRDA:457,116,0,9
BRDA:457,116,1,0
BRDA:457,116,2,0
BRDA:458,117,0,9
BRDA:458,117,1,9
BRDA:462,118,0,4
BRDA:462,118,1,6
BRDA:463,119,0,1
BRDA:463,119,1,3
BRDA:463,120,0,0
BRDA:463,120,1,3
BRDA:466,121,0,1
BRDA:466,121,1,5
BRDA:474,122,0,8
BRDA:474,122,1,2
BRDA:474,123,0,10
BRDA:474,123,1,9
BRDA:476,124,0,8
BRDA:476,124,1,7
BRDA:482,125,0,0
BRDA:483,126,0,0
BRDA:483,126,1,0
BRDA:483,127,0,0
BRDA:483,127,1,0
BRDA:492,128,0,0
BRDA:503,129,0,5
BRDA:503,129,1,4
BRDA:503,129,2,3
BRDA:514,130,0,9
BRDA:514,130,1,4
BRDA:514,131,0,13
BRDA:514,131,1,13
BRDA:514,131,2,11
BRDA:515,132,0,1
BRDA:515,132,1,8
BRDA:515,133,0,9
BRDA:515,133,1,1
BRDA:527,134,0,1
BRDA:527,134,1,2
BRDA:530,135,0,0
BRDA:530,135,1,2
BRDA:533,136,0,1
BRDA:533,136,1,1
BRDA:551,137,0,4
BRDA:551,137,1,0
BRDA:560,138,0,0
BRDA:560,138,1,2
BRDA:567,139,0,0
BRDA:567,139,1,4
BRDA:567,140,0,4
BRDA:567,140,1,4
BRDA:571,141,0,2
BRDA:571,141,1,2
BRDA:571,142,0,4
BRDA:571,142,1,3
BRDA:572,143,0,2
BRDA:572,143,1,0
BRDA:572,144,0,2
BRDA:572,144,1,2
BRDA:573,145,0,1
BRDA:573,145,1,1
BRDA:576,146,0,2
BRDA:576,146,1,0
BRDA:576,147,0,2
BRDA:576,147,1,1
BRDA:577,148,0,0
BRDA:577,148,1,2
BRDA:577,149,0,2
BRDA:577,149,1,2
BRDA:583,150,0,1
BRDA:583,150,1,1
BRDA:584,151,0,1
BRDA:584,151,1,1
BRDA:593,152,0,2
BRDA:593,152,1,0
BRDA:607,153,0,8
BRDA:607,153,1,8
BRDA:608,154,0,0
BRDA:608,154,1,8
BRDA:619,155,0,2
BRDA:619,155,1,0
BRDA:620,156,0,2
BRDA:620,156,1,0
BRDA:620,157,0,2
BRDA:620,157,1,2
BRDA:623,158,0,2
BRDA:623,158,1,2
BRDA:623,159,0,4
BRDA:623,159,1,2
BRDA:625,160,0,2
BRDA:625,160,1,0
BRDA:625,161,0,2
BRDA:625,161,1,0
BRDA:625,161,2,0
BRDA:630,162,0,2
BRDA:630,162,1,0
BRDA:630,163,0,2
BRDA:630,163,1,2
BRDA:630,163,2,0
BRDA:630,163,3,0
BRDA:635,164,0,2
BRDA:635,164,1,0
BRDA:639,165,0,0
BRDA:639,165,1,8
BRDA:641,166,0,20
BRDA:641,167,0,17
BRDA:641,168,0,20
BRDA:641,168,1,17
BRDA:642,169,0,3
BRDA:642,169,1,17
BRDA:642,170,0,20
BRDA:642,170,1,20
BRDA:642,170,2,3
BRDA:645,171,0,0
BRDA:645,171,1,9
BRDA:645,172,0,9
BRDA:645,172,1,1
BRDA:649,173,0,7
BRDA:649,173,1,2
BRDA:656,174,0,0
BRDA:656,174,1,1
BRDA:656,175,0,1
BRDA:656,175,1,0
BRDA:659,176,0,1
BRDA:659,176,1,1
BRDA:660,177,0,0
BRDA:660,177,1,1
BRDA:660,178,0,1
BRDA:660,178,1,0
BRDA:662,179,0,0
BRDA:662,179,1,0
BRDA:662,180,0,0
BRDA:662,180,1,0
BRDA:669,181,0,0
BRDA:669,181,1,1
BRDA:679,182,0,2
BRDA:679,182,1,0
BRDA:682,183,0,0
BRDA:682,183,1,2
BRDA:682,184,0,2
BRDA:682,184,1,0
BRDA:683,185,0,0
BRDA:683,185,1,2
BRDA:683,186,0,2
BRDA:683,186,1,0
BRDA:692,187,0,0
BRDA:692,187,1,0
BRDA:694,188,0,0
BRDA:694,188,1,0
BRDA:698,189,0,0
BRDA:698,189,1,0
BRDA:702,190,0,2
BRDA:702,190,1,10
BRDA:703,191,0,2
BRDA:703,191,1,0
BRDA:703,192,0,2
BRDA:703,192,1,0
BRDA:707,193,0,6
BRDA:707,193,1,4
BRDA:718,194,0,0
BRDA:718,194,1,0
BRDA:724,195,0,0
BRDA:724,195,1,0
BRDA:730,196,0,0
BRDA:730,196,1,0
BRDA:731,197,0,0
BRDA:731,197,1,0
BRDA:739,198,0,0
BRDA:739,198,1,0
BRDA:749,199,0,0
BRDA:749,199,1,0
BRDA:783,200,0,0
BRDA:783,200,1,0
BRDA:786,201,0,0
BRDA:786,201,1,0
BRDA:792,202,0,0
BRDA:792,202,1,0
BRDA:795,203,0,0
BRDA:795,203,1,0
BRDA:795,204,0,0
BRDA:795,204,1,0
BRDA:800,205,0,0
BRDA:800,205,1,0
BRDA:825,206,0,0
BRDA:825,206,1,0
BRF:427
BRH:301
end_of_record
